TN:
SF:controllers/attributeController.js
FN:7,(anonymous_0)
FN:74,(anonymous_1)
FN:111,(anonymous_2)
FN:140,(anonymous_3)
FN:208,(anonymous_4)
FN:233,(anonymous_5)
FN:257,(anonymous_6)
FN:301,(anonymous_7)
FN:346,(anonymous_8)
FN:380,(anonymous_9)
FN:411,(anonymous_10)
FNF:11
FNH:0
FNDA:0,(anonymous_0)
FNDA:0,(anonymous_1)
FNDA:0,(anonymous_2)
FNDA:0,(anonymous_3)
FNDA:0,(anonymous_4)
FNDA:0,(anonymous_5)
FNDA:0,(anonymous_6)
FNDA:0,(anonymous_7)
FNDA:0,(anonymous_8)
FNDA:0,(anonymous_9)
FNDA:0,(anonymous_10)
DA:1,0
DA:2,0
DA:7,0
DA:8,0
DA:9,0
DA:12,0
DA:13,0
DA:14,0
DA:18,0
DA:22,0
DA:23,0
DA:24,0
DA:28,0
DA:33,0
DA:34,0
DA:35,0
DA:39,0
DA:40,0
DA:41,0
DA:45,0
DA:46,0
DA:47,0
DA:51,0
DA:61,0
DA:67,0
DA:74,0
DA:75,0
DA:76,0
DA:77,0
DA:80,0
DA:81,0
DA:82,0
DA:83,0
DA:87,0
DA:88,0
DA:91,0
DA:92,0
DA:95,0
DA:98,0
DA:104,0
DA:111,0
DA:112,0
DA:113,0
DA:115,0
DA:117,0
DA:118,0
DA:119,0
DA:123,0
DA:124,0
DA:125,0
DA:128,0
DA:133,0
DA:140,0
DA:141,0
DA:142,0
DA:143,0
DA:145,0
DA:147,0
DA:148,0
DA:149,0
DA:153,0
DA:154,0
DA:155,0
DA:159,0
DA:160,0
DA:166,0
DA:167,0
DA:168,0
DA:173,0
DA:174,0
DA:175,0
DA:179,0
DA:180,0
DA:181,0
DA:185,0
DA:186,0
DA:187,0
DA:188,0
DA:189,0
DA:190,0
DA:191,0
DA:193,0
DA:195,0
DA:201,0
DA:208,0
DA:209,0
DA:210,0
DA:211,0
DA:213,0
DA:214,0
DA:215,0
DA:218,0
DA:220,0
DA:221,0
DA:222,0
DA:226,0
DA:227,0
DA:228,0
DA:232,0
DA:233,0
DA:236,0
DA:237,0
DA:238,0
DA:242,0
DA:244,0
DA:250,0
DA:257,0
DA:258,0
DA:259,0
DA:260,0
DA:262,0
DA:264,0
DA:265,0
DA:266,0
DA:270,0
DA:271,0
DA:272,0
DA:275,0
DA:277,0
DA:278,0
DA:279,0
DA:283,0
DA:284,0
DA:286,0
DA:288,0
DA:294,0
DA:301,0
DA:302,0
DA:303,0
DA:305,0
DA:307,0
DA:308,0
DA:309,0
DA:313,0
DA:314,0
DA:315,0
DA:318,0
DA:320,0
DA:321,0
DA:322,0
DA:326,0
DA:327,0
DA:328,0
DA:331,0
DA:332,0
DA:334,0
DA:339,0
DA:346,0
DA:347,0
DA:348,0
DA:349,0
DA:351,0
DA:353,0
DA:354,0
DA:355,0
DA:359,0
DA:360,0
DA:361,0
DA:364,0
DA:365,0
DA:367,0
DA:373,0
DA:380,0
DA:381,0
DA:382,0
DA:384,0
DA:386,0
DA:387,0
DA:388,0
DA:392,0
DA:393,0
DA:394,0
DA:397,0
DA:399,0
DA:404,0
DA:411,0
DA:412,0
DA:413,0
DA:414,0
DA:416,0
DA:417,0
DA:418,0
DA:421,0
DA:423,0
DA:424,0
DA:425,0
DA:428,0
DA:430,0
DA:435,0
DA:439,0
LF:190
LH:0
BRDA:12,0,0,0
BRDA:12,0,1,0
BRDA:18,1,0,0
BRDA:18,1,1,0
BRDA:19,2,0,0
BRDA:19,2,1,0
BRDA:19,2,2,0
BRDA:22,3,0,0
BRDA:22,3,1,0
BRDA:33,4,0,0
BRDA:33,4,1,0
BRDA:39,5,0,0
BRDA:39,5,1,0
BRDA:39,6,0,0
BRDA:39,6,1,0
BRDA:39,6,2,0
BRDA:45,7,0,0
BRDA:45,7,1,0
BRDA:45,8,0,0
BRDA:45,8,1,0
BRDA:45,8,2,0
BRDA:55,9,0,0
BRDA:55,9,1,0
BRDA:56,10,0,0
BRDA:56,10,1,0
BRDA:57,11,0,0
BRDA:57,11,1,0
BRDA:58,12,0,0
BRDA:58,12,1,0
BRDA:80,13,0,0
BRDA:80,13,1,0
BRDA:82,14,0,0
BRDA:82,14,1,0
BRDA:87,15,0,0
BRDA:87,15,1,0
BRDA:91,16,0,0
BRDA:91,16,1,0
BRDA:117,17,0,0
BRDA:117,17,1,0
BRDA:123,18,0,0
BRDA:123,18,1,0
BRDA:123,19,0,0
BRDA:123,19,1,0
BRDA:147,20,0,0
BRDA:147,20,1,0
BRDA:153,21,0,0
BRDA:153,21,1,0
BRDA:153,22,0,0
BRDA:153,22,1,0
BRDA:159,23,0,0
BRDA:159,23,1,0
BRDA:159,24,0,0
BRDA:159,24,1,0
BRDA:166,25,0,0
BRDA:166,25,1,0
BRDA:173,26,0,0
BRDA:173,26,1,0
BRDA:173,27,0,0
BRDA:173,27,1,0
BRDA:173,27,2,0
BRDA:179,28,0,0
BRDA:179,28,1,0
BRDA:179,29,0,0
BRDA:179,29,1,0
BRDA:179,29,2,0
BRDA:179,30,0,0
BRDA:179,30,1,0
BRDA:185,31,0,0
BRDA:185,31,1,0
BRDA:186,32,0,0
BRDA:186,32,1,0
BRDA:187,33,0,0
BRDA:187,33,1,0
BRDA:188,34,0,0
BRDA:188,34,1,0
BRDA:189,35,0,0
BRDA:189,35,1,0
BRDA:190,36,0,0
BRDA:190,36,1,0
BRDA:191,37,0,0
BRDA:191,37,1,0
BRDA:213,38,0,0
BRDA:213,38,1,0
BRDA:220,39,0,0
BRDA:220,39,1,0
BRDA:226,40,0,0
BRDA:226,40,1,0
BRDA:226,41,0,0
BRDA:226,41,1,0
BRDA:236,42,0,0
BRDA:236,42,1,0
BRDA:242,43,0,0
BRDA:242,43,1,0
BRDA:264,44,0,0
BRDA:264,44,1,0
BRDA:270,45,0,0
BRDA:270,45,1,0
BRDA:270,46,0,0
BRDA:270,46,1,0
BRDA:277,47,0,0
BRDA:277,47,1,0
BRDA:283,48,0,0
BRDA:283,48,1,0
BRDA:284,49,0,0
BRDA:284,49,1,0
BRDA:307,50,0,0
BRDA:307,50,1,0
BRDA:313,51,0,0
BRDA:313,51,1,0
BRDA:313,52,0,0
BRDA:313,52,1,0
BRDA:320,53,0,0
BRDA:320,53,1,0
BRDA:326,54,0,0
BRDA:326,54,1,0
BRDA:326,55,0,0
BRDA:326,55,1,0
BRDA:353,56,0,0
BRDA:353,56,1,0
BRDA:359,57,0,0
BRDA:359,57,1,0
BRDA:359,58,0,0
BRDA:359,58,1,0
BRDA:369,59,0,0
BRDA:369,59,1,0
BRDA:386,60,0,0
BRDA:386,60,1,0
BRDA:392,61,0,0
BRDA:392,61,1,0
BRDA:392,62,0,0
BRDA:392,62,1,0
BRDA:416,63,0,0
BRDA:416,63,1,0
BRDA:416,64,0,0
BRDA:416,64,1,0
BRDA:423,65,0,0
BRDA:423,65,1,0
BRF:137
BRH:0
end_of_record
TN:
SF:controllers/categoryController.js
FN:7,(anonymous_0)
FN:60,(anonymous_1)
FN:92,(anonymous_2)
FN:121,(anonymous_3)
FN:175,(anonymous_4)
FN:213,(anonymous_5)
FN:247,(anonymous_6)
FNF:7
FNH:0
FNDA:0,(anonymous_0)
FNDA:0,(anonymous_1)
FNDA:0,(anonymous_2)
FNDA:0,(anonymous_3)
FNDA:0,(anonymous_4)
FNDA:0,(anonymous_5)
FNDA:0,(anonymous_6)
DA:1,0
DA:2,0
DA:7,0
DA:8,0
DA:9,0
DA:12,0
DA:13,0
DA:14,0
DA:18,0
DA:22,0
DA:23,0
DA:24,0
DA:28,0
DA:33,0
DA:34,0
DA:35,0
DA:39,0
DA:47,0
DA:53,0
DA:60,0
DA:61,0
DA:62,0
DA:63,0
DA:66,0
DA:67,0
DA:68,0
DA:69,0
DA:72,0
DA:73,0
DA:76,0
DA:79,0
DA:85,0
DA:92,0
DA:93,0
DA:94,0
DA:96,0
DA:98,0
DA:99,0
DA:100,0
DA:104,0
DA:105,0
DA:106,0
DA:109,0
DA:114,0
DA:121,0
DA:122,0
DA:123,0
DA:124,0
DA:126,0
DA:128,0
DA:129,0
DA:130,0
DA:134,0
DA:135,0
DA:136,0
DA:140,0
DA:141,0
DA:147,0
DA:148,0
DA:149,0
DA:154,0
DA:155,0
DA:156,0
DA:157,0
DA:158,0
DA:160,0
DA:162,0
DA:168,0
DA:175,0
DA:176,0
DA:177,0
DA:178,0
DA:180,0
DA:181,0
DA:182,0
DA:185,0
DA:187,0
DA:188,0
DA:189,0
DA:193,0
DA:194,0
DA:195,0
DA:198,0
DA:200,0
DA:206,0
DA:213,0
DA:214,0
DA:215,0
DA:216,0
DA:218,0
DA:220,0
DA:221,0
DA:222,0
DA:226,0
DA:227,0
DA:228,0
DA:231,0
DA:232,0
DA:234,0
DA:240,0
DA:247,0
DA:248,0
DA:249,0
DA:251,0
DA:253,0
DA:254,0
DA:255,0
DA:259,0
DA:260,0
DA:261,0
DA:264,0
DA:266,0
DA:271,0
DA:275,0
LF:114
LH:0
BRDA:12,0,0,0
BRDA:12,0,1,0
BRDA:18,1,0,0
BRDA:18,1,1,0
BRDA:19,2,0,0
BRDA:19,2,1,0
BRDA:19,2,2,0
BRDA:22,3,0,0
BRDA:22,3,1,0
BRDA:33,4,0,0
BRDA:33,4,1,0
BRDA:66,5,0,0
BRDA:66,5,1,0
BRDA:68,6,0,0
BRDA:68,6,1,0
BRDA:72,7,0,0
BRDA:72,7,1,0
BRDA:98,8,0,0
BRDA:98,8,1,0
BRDA:104,9,0,0
BRDA:104,9,1,0
BRDA:104,10,0,0
BRDA:104,10,1,0
BRDA:128,11,0,0
BRDA:128,11,1,0
BRDA:134,12,0,0
BRDA:134,12,1,0
BRDA:134,13,0,0
BRDA:134,13,1,0
BRDA:140,14,0,0
BRDA:140,14,1,0
BRDA:140,15,0,0
BRDA:140,15,1,0
BRDA:147,16,0,0
BRDA:147,16,1,0
BRDA:154,17,0,0
BRDA:154,17,1,0
BRDA:155,18,0,0
BRDA:155,18,1,0
BRDA:156,19,0,0
BRDA:156,19,1,0
BRDA:157,20,0,0
BRDA:157,20,1,0
BRDA:158,21,0,0
BRDA:158,21,1,0
BRDA:180,22,0,0
BRDA:180,22,1,0
BRDA:180,23,0,0
BRDA:180,23,1,0
BRDA:187,24,0,0
BRDA:187,24,1,0
BRDA:193,25,0,0
BRDA:193,25,1,0
BRDA:193,26,0,0
BRDA:193,26,1,0
BRDA:220,27,0,0
BRDA:220,27,1,0
BRDA:226,28,0,0
BRDA:226,28,1,0
BRDA:226,29,0,0
BRDA:226,29,1,0
BRDA:236,30,0,0
BRDA:236,30,1,0
BRDA:253,31,0,0
BRDA:253,31,1,0
BRDA:259,32,0,0
BRDA:259,32,1,0
BRDA:259,33,0,0
BRDA:259,33,1,0
BRF:69
BRH:0
end_of_record
TN:
SF:controllers/dashboardController.js
FN:16,resolveStoreId
FN:32,getDateRange
FN:80,classifyCMV
FN:90,formatDateBR
FN:99,respond
FN:112,(anonymous_5)
FN:184,(anonymous_6)
FN:244,(anonymous_7)
FN:264,(anonymous_8)
FN:265,(anonymous_9)
FN:267,(anonymous_10)
FN:284,(anonymous_11)
FN:318,(anonymous_12)
FN:341,(anonymous_13)
FN:479,(anonymous_14)
FN:511,(anonymous_15)
FN:512,(anonymous_16)
FN:519,(anonymous_17)
FN:559,(anonymous_18)
FN:633,(anonymous_19)
FN:648,(anonymous_20)
FN:652,(anonymous_21)
FN:653,(anonymous_22)
FN:654,(anonymous_23)
FN:655,(anonymous_24)
FN:670,(anonymous_25)
FN:683,(anonymous_26)
FN:720,(anonymous_27)
FN:745,(anonymous_28)
FN:768,(anonymous_29)
FN:771,(anonymous_30)
FN:777,(anonymous_31)
FN:781,(anonymous_32)
FNF:33
FNH:0
FNDA:0,resolveStoreId
FNDA:0,getDateRange
FNDA:0,classifyCMV
FNDA:0,formatDateBR
FNDA:0,respond
FNDA:0,(anonymous_5)
FNDA:0,(anonymous_6)
FNDA:0,(anonymous_7)
FNDA:0,(anonymous_8)
FNDA:0,(anonymous_9)
FNDA:0,(anonymous_10)
FNDA:0,(anonymous_11)
FNDA:0,(anonymous_12)
FNDA:0,(anonymous_13)
FNDA:0,(anonymous_14)
FNDA:0,(anonymous_15)
FNDA:0,(anonymous_16)
FNDA:0,(anonymous_17)
FNDA:0,(anonymous_18)
FNDA:0,(anonymous_19)
FNDA:0,(anonymous_20)
FNDA:0,(anonymous_21)
FNDA:0,(anonymous_22)
FNDA:0,(anonymous_23)
FNDA:0,(anonymous_24)
FNDA:0,(anonymous_25)
FNDA:0,(anonymous_26)
FNDA:0,(anonymous_27)
FNDA:0,(anonymous_28)
FNDA:0,(anonymous_29)
FNDA:0,(anonymous_30)
FNDA:0,(anonymous_31)
FNDA:0,(anonymous_32)
DA:1,0
DA:2,0
DA:3,0
DA:4,0
DA:5,0
DA:6,0
DA:7,0
DA:8,0
DA:9,0
DA:17,0
DA:18,0
DA:19,0
DA:21,0
DA:23,0
DA:24,0
DA:26,0
DA:33,0
DA:34,0
DA:36,0
DA:38,0
DA:39,0
DA:41,0
DA:42,0
DA:43,0
DA:44,0
DA:45,0
DA:47,0
DA:48,0
DA:50,0
DA:51,0
DA:53,0
DA:54,0
DA:55,0
DA:56,0
DA:59,0
DA:60,0
DA:61,0
DA:63,0
DA:64,0
DA:65,0
DA:66,0
DA:67,0
DA:68,0
DA:71,0
DA:74,0
DA:81,0
DA:82,0
DA:83,0
DA:84,0
DA:91,0
DA:92,0
DA:93,0
DA:100,0
DA:112,0
DA:113,0
DA:114,0
DA:115,0
DA:116,0
DA:119,0
DA:137,0
DA:138,0
DA:139,0
DA:142,0
DA:143,0
DA:146,0
DA:152,0
DA:158,0
DA:178,0
DA:184,0
DA:185,0
DA:186,0
DA:187,0
DA:188,0
DA:189,0
DA:193,0
DA:195,0
DA:198,0
DA:200,0
DA:203,0
DA:205,0
DA:208,0
DA:210,0
DA:213,0
DA:215,0
DA:220,0
DA:244,0
DA:246,0
DA:247,0
DA:248,0
DA:249,0
DA:250,0
DA:253,0
DA:263,0
DA:264,0
DA:265,0
DA:267,0
DA:271,0
DA:278,0
DA:284,0
DA:285,0
DA:286,0
DA:287,0
DA:288,0
DA:289,0
DA:291,0
DA:318,0
DA:329,0
DA:335,0
DA:341,0
DA:342,0
DA:343,0
DA:344,0
DA:345,0
DA:348,0
DA:365,0
DA:366,0
DA:371,0
DA:415,0
DA:418,0
DA:419,0
DA:420,0
DA:421,0
DA:422,0
DA:437,0
DA:438,0
DA:441,0
DA:444,0
DA:445,0
DA:446,0
DA:448,0
DA:473,0
DA:479,0
DA:480,0
DA:481,0
DA:482,0
DA:483,0
DA:486,0
DA:510,0
DA:511,0
DA:512,0
DA:514,0
DA:518,0
DA:519,0
DA:520,0
DA:526,0
DA:529,0
DA:534,0
DA:540,0
DA:554,0
DA:555,0
DA:556,0
DA:559,0
DA:560,0
DA:563,0
DA:564,0
DA:565,0
DA:566,0
DA:568,0
DA:569,0
DA:570,0
DA:572,0
DA:573,0
DA:575,0
DA:581,0
DA:583,0
DA:584,0
DA:585,0
DA:587,0
DA:588,0
DA:590,0
DA:592,0
DA:602,0
DA:605,0
DA:608,0
DA:609,0
DA:610,0
DA:611,0
DA:612,0
DA:613,0
DA:615,0
DA:616,0
DA:619,0
DA:632,0
DA:633,0
DA:634,0
DA:648,0
DA:650,0
DA:652,0
DA:653,0
DA:654,0
DA:655,0
DA:658,0
DA:664,0
DA:670,0
DA:671,0
DA:672,0
DA:674,0
DA:678,0
DA:679,0
DA:680,0
DA:681,0
DA:683,0
DA:684,0
DA:685,0
DA:687,0
DA:688,0
DA:689,0
DA:690,0
DA:693,0
DA:694,0
DA:695,0
DA:697,0
DA:698,0
DA:702,0
DA:703,0
DA:719,0
DA:720,0
DA:721,0
DA:727,0
DA:739,0
DA:745,0
DA:746,0
DA:747,0
DA:748,0
DA:749,0
DA:751,0
DA:756,0
DA:761,0
DA:762,0
DA:767,0
DA:768,0
DA:770,0
DA:771,0
DA:772,0
DA:775,0
DA:777,0
DA:781,0
DA:788,0
DA:794,0
LF:239
LH:0
BRDA:17,0,0,0
BRDA:17,0,1,0
BRDA:17,1,0,0
BRDA:17,1,1,0
BRDA:18,2,0,0
BRDA:18,2,1,0
BRDA:23,3,0,0
BRDA:23,3,1,0
BRDA:36,4,0,0
BRDA:36,4,1,0
BRDA:36,4,2,0
BRDA:36,4,3,0
BRDA:36,4,4,0
BRDA:36,4,5,0
BRDA:36,4,6,0
BRDA:36,4,7,0
BRDA:81,5,0,0
BRDA:81,5,1,0
BRDA:82,6,0,0
BRDA:82,6,1,0
BRDA:83,7,0,0
BRDA:83,7,1,0
BRDA:114,8,0,0
BRDA:114,8,1,0
BRDA:137,9,0,0
BRDA:137,10,0,0
BRDA:137,11,0,0
BRDA:137,12,0,0
BRDA:137,12,1,0
BRDA:139,13,0,0
BRDA:139,13,1,0
BRDA:143,14,0,0
BRDA:143,14,1,0
BRDA:174,15,0,0
BRDA:174,15,1,0
BRDA:186,16,0,0
BRDA:186,16,1,0
BRDA:187,17,0,0
BRDA:187,17,1,0
BRDA:193,18,0,0
BRDA:193,18,1,0
BRDA:193,18,2,0
BRDA:193,18,3,0
BRDA:193,18,4,0
BRDA:248,19,0,0
BRDA:248,19,1,0
BRDA:266,20,0,0
BRDA:266,20,1,0
BRDA:286,21,0,0
BRDA:286,21,1,0
BRDA:287,22,0,0
BRDA:287,22,1,0
BRDA:319,23,0,0
BRDA:319,23,1,0
BRDA:320,24,0,0
BRDA:320,24,1,0
BRDA:324,25,0,0
BRDA:324,25,1,0
BRDA:343,26,0,0
BRDA:343,26,1,0
BRDA:365,27,0,0
BRDA:365,28,0,0
BRDA:365,29,0,0
BRDA:365,29,1,0
BRDA:415,30,0,0
BRDA:415,30,1,0
BRDA:420,31,0,0
BRDA:420,31,1,0
BRDA:437,32,0,0
BRDA:437,32,1,0
BRDA:441,33,0,0
BRDA:441,33,1,0
BRDA:444,34,0,0
BRDA:444,34,1,0
BRDA:445,35,0,0
BRDA:445,35,1,0
BRDA:481,36,0,0
BRDA:481,36,1,0
BRDA:556,37,0,0
BRDA:556,37,1,0
BRDA:560,38,0,0
BRDA:560,38,1,0
BRDA:564,39,0,0
BRDA:564,39,1,0
BRDA:565,40,0,0
BRDA:565,40,1,0
BRDA:566,41,0,0
BRDA:566,41,1,0
BRDA:568,42,0,0
BRDA:568,42,1,0
BRDA:569,43,0,0
BRDA:569,43,1,0
BRDA:570,44,0,0
BRDA:570,44,1,0
BRDA:572,45,0,0
BRDA:572,45,1,0
BRDA:585,46,0,0
BRDA:585,46,1,0
BRDA:587,47,0,0
BRDA:587,47,1,0
BRDA:590,48,0,0
BRDA:590,48,1,0
BRDA:594,49,0,0
BRDA:594,49,1,0
BRDA:595,50,0,0
BRDA:595,50,1,0
BRDA:608,51,0,0
BRDA:608,51,1,0
BRDA:611,52,0,0
BRDA:611,52,1,0
BRDA:621,53,0,0
BRDA:621,53,1,0
BRDA:622,54,0,0
BRDA:622,54,1,0
BRDA:633,55,0,0
BRDA:633,55,1,0
BRDA:636,56,0,0
BRDA:636,56,1,0
BRDA:637,57,0,0
BRDA:637,57,1,0
BRDA:648,58,0,0
BRDA:648,58,1,0
BRDA:648,59,0,0
BRDA:648,59,1,0
BRDA:684,60,0,0
BRDA:684,60,1,0
BRDA:687,61,0,0
BRDA:687,61,1,0
BRDA:689,62,0,0
BRDA:689,62,1,0
BRDA:693,63,0,0
BRDA:693,63,1,0
BRDA:694,64,0,0
BRDA:694,64,1,0
BRDA:772,65,0,0
BRDA:772,65,1,0
BRDA:782,66,0,0
BRDA:782,66,1,0
BRDA:783,67,0,0
BRDA:783,67,1,0
BRF:140
BRH:0
end_of_record
TN:
SF:controllers/deviceController.js
FN:11,(anonymous_0)
FN:66,(anonymous_1)
FN:93,(anonymous_2)
FN:112,(anonymous_3)
FN:169,(anonymous_4)
FN:216,(anonymous_5)
FN:248,(anonymous_6)
FN:295,(anonymous_7)
FN:339,(anonymous_8)
FNF:9
FNH:0
FNDA:0,(anonymous_0)
FNDA:0,(anonymous_1)
FNDA:0,(anonymous_2)
FNDA:0,(anonymous_3)
FNDA:0,(anonymous_4)
FNDA:0,(anonymous_5)
FNDA:0,(anonymous_6)
FNDA:0,(anonymous_7)
FNDA:0,(anonymous_8)
DA:1,0
DA:2,0
DA:3,0
DA:4,0
DA:5,0
DA:11,0
DA:12,0
DA:13,0
DA:14,0
DA:16,0
DA:17,0
DA:20,0
DA:21,0
DA:24,0
DA:25,0
DA:28,0
DA:29,0
DA:30,0
DA:31,0
DA:32,0
DA:34,0
DA:35,0
DA:38,0
DA:39,0
DA:43,0
DA:44,0
DA:47,0
DA:53,0
DA:59,0
DA:66,0
DA:67,0
DA:68,0
DA:71,0
DA:72,0
DA:75,0
DA:80,0
DA:86,0
DA:93,0
DA:94,0
DA:95,0
DA:99,0
DA:105,0
DA:112,0
DA:113,0
DA:114,0
DA:116,0
DA:118,0
DA:119,0
DA:120,0
DA:124,0
DA:125,0
DA:126,0
DA:130,0
DA:131,0
DA:132,0
DA:135,0
DA:136,0
DA:137,0
DA:138,0
DA:139,0
DA:140,0
DA:141,0
DA:144,0
DA:153,0
DA:154,0
DA:156,0
DA:162,0
DA:169,0
DA:170,0
DA:171,0
DA:172,0
DA:174,0
DA:176,0
DA:177,0
DA:178,0
DA:182,0
DA:183,0
DA:184,0
DA:187,0
DA:188,0
DA:189,0
DA:190,0
DA:191,0
DA:192,0
DA:195,0
DA:203,0
DA:209,0
DA:216,0
DA:217,0
DA:218,0
DA:220,0
DA:225,0
DA:226,0
DA:227,0
DA:231,0
DA:232,0
DA:233,0
DA:236,0
DA:241,0
DA:248,0
DA:249,0
DA:250,0
DA:252,0
DA:254,0
DA:255,0
DA:256,0
DA:260,0
DA:261,0
DA:262,0
DA:266,0
DA:271,0
DA:272,0
DA:273,0
DA:276,0
DA:277,0
DA:278,0
DA:279,0
DA:280,0
DA:282,0
DA:288,0
DA:295,0
DA:296,0
DA:297,0
DA:298,0
DA:300,0
DA:301,0
DA:302,0
DA:305,0
DA:306,0
DA:307,0
DA:310,0
DA:312,0
DA:313,0
DA:314,0
DA:318,0
DA:319,0
DA:320,0
DA:323,0
DA:324,0
DA:326,0
DA:332,0
DA:339,0
DA:340,0
DA:341,0
DA:343,0
DA:344,0
DA:347,0
DA:348,0
DA:349,0
DA:350,0
DA:353,0
DA:354,0
DA:359,0
DA:370,0
DA:374,0
LF:155
LH:0
BRDA:16,0,0,0
BRDA:16,0,1,0
BRDA:20,1,0,0
BRDA:20,1,1,0
BRDA:24,2,0,0
BRDA:24,2,1,0
BRDA:28,3,0,0
BRDA:28,3,1,0
BRDA:30,4,0,0
BRDA:30,4,1,0
BRDA:32,5,0,0
BRDA:32,5,1,0
BRDA:38,6,0,0
BRDA:38,6,1,0
BRDA:43,7,0,0
BRDA:43,7,1,0
BRDA:71,8,0,0
BRDA:71,8,1,0
BRDA:118,9,0,0
BRDA:118,9,1,0
BRDA:124,10,0,0
BRDA:124,10,1,0
BRDA:124,11,0,0
BRDA:124,11,1,0
BRDA:130,12,0,0
BRDA:130,12,1,0
BRDA:130,13,0,0
BRDA:130,13,1,0
BRDA:176,14,0,0
BRDA:176,14,1,0
BRDA:182,15,0,0
BRDA:182,15,1,0
BRDA:182,16,0,0
BRDA:182,16,1,0
BRDA:190,17,0,0
BRDA:190,17,1,0
BRDA:225,18,0,0
BRDA:225,18,1,0
BRDA:231,19,0,0
BRDA:231,19,1,0
BRDA:231,20,0,0
BRDA:231,20,1,0
BRDA:254,21,0,0
BRDA:254,21,1,0
BRDA:260,22,0,0
BRDA:260,22,1,0
BRDA:260,23,0,0
BRDA:260,23,1,0
BRDA:300,24,0,0
BRDA:300,24,1,0
BRDA:300,25,0,0
BRDA:300,25,1,0
BRDA:305,26,0,0
BRDA:305,26,1,0
BRDA:312,27,0,0
BRDA:312,27,1,0
BRDA:318,28,0,0
BRDA:318,28,1,0
BRDA:318,29,0,0
BRDA:318,29,1,0
BRDA:343,30,0,0
BRDA:343,30,1,0
BRF:62
BRH:0
end_of_record
TN:
SF:controllers/globalIngredientController.js
FN:7,(anonymous_0)
FN:45,(anonymous_1)
FN:75,(anonymous_2)
FN:99,(anonymous_3)
FN:132,(anonymous_4)
FN:161,(anonymous_5)
FNF:6
FNH:0
FNDA:0,(anonymous_0)
FNDA:0,(anonymous_1)
FNDA:0,(anonymous_2)
FNDA:0,(anonymous_3)
FNDA:0,(anonymous_4)
FNDA:0,(anonymous_5)
DA:1,0
DA:2,0
DA:7,0
DA:8,0
DA:9,0
DA:11,0
DA:12,0
DA:13,0
DA:17,0
DA:18,0
DA:19,0
DA:20,0
DA:23,0
DA:32,0
DA:38,0
DA:45,0
DA:46,0
DA:47,0
DA:48,0
DA:50,0
DA:51,0
DA:54,0
DA:55,0
DA:58,0
DA:62,0
DA:68,0
DA:75,0
DA:76,0
DA:77,0
DA:79,0
DA:82,0
DA:83,0
DA:84,0
DA:87,0
DA:92,0
DA:99,0
DA:100,0
DA:101,0
DA:102,0
DA:105,0
DA:106,0
DA:108,0
DA:114,0
DA:115,0
DA:116,0
DA:119,0
DA:125,0
DA:132,0
DA:133,0
DA:134,0
DA:135,0
DA:137,0
DA:143,0
DA:144,0
DA:145,0
DA:148,0
DA:154,0
DA:161,0
DA:162,0
DA:163,0
DA:165,0
DA:167,0
DA:168,0
DA:169,0
DA:172,0
DA:177,0
DA:181,0
LF:67
LH:0
BRDA:11,0,0,0
BRDA:11,0,1,0
BRDA:11,1,0,0
BRDA:11,1,1,0
BRDA:11,1,2,0
BRDA:11,1,3,0
BRDA:18,2,0,0
BRDA:18,2,1,0
BRDA:27,3,0,0
BRDA:27,3,1,0
BRDA:50,4,0,0
BRDA:50,4,1,0
BRDA:54,5,0,0
BRDA:54,5,1,0
BRDA:82,6,0,0
BRDA:82,6,1,0
BRDA:114,7,0,0
BRDA:114,7,1,0
BRDA:143,8,0,0
BRDA:143,8,1,0
BRDA:150,9,0,0
BRDA:150,9,1,0
BRDA:167,10,0,0
BRDA:167,10,1,0
BRF:24
BRH:0
end_of_record
TN:
SF:controllers/interStoreTransferController.js
FN:9,(anonymous_0)
FN:100,(anonymous_1)
FN:137,(anonymous_2)
FNF:3
FNH:0
FNDA:0,(anonymous_0)
FNDA:0,(anonymous_1)
FNDA:0,(anonymous_2)
DA:1,0
DA:2,0
DA:3,0
DA:4,0
DA:9,0
DA:10,0
DA:20,0
DA:23,0
DA:24,0
DA:25,0
DA:28,0
DA:29,0
DA:30,0
DA:34,0
DA:47,0
DA:50,0
DA:62,0
DA:74,0
DA:84,0
DA:90,0
DA:91,0
DA:93,0
DA:100,0
DA:101,0
DA:109,0
DA:111,0
DA:112,0
DA:113,0
DA:116,0
DA:125,0
DA:130,0
DA:137,0
DA:138,0
DA:139,0
DA:141,0
DA:147,0
DA:151,0
LF:37
LH:0
BRDA:23,0,0,0
BRDA:23,0,1,0
BRDA:23,1,0,0
BRDA:23,1,1,0
BRDA:23,1,2,0
BRDA:23,1,3,0
BRDA:23,1,4,0
BRDA:23,1,5,0
BRDA:28,2,0,0
BRDA:28,2,1,0
BRDA:42,3,0,0
BRDA:42,3,1,0
BRDA:81,4,0,0
BRDA:81,4,1,0
BRDA:81,5,0,0
BRDA:81,5,1,0
BRDA:81,6,0,0
BRDA:81,6,1,0
BRDA:81,7,0,0
BRDA:81,7,1,0
BRDA:90,8,0,0
BRDA:90,8,1,0
BRDA:90,9,0,0
BRDA:90,9,1,0
BRDA:90,9,2,0
BRDA:90,9,3,0
BRDA:90,9,4,0
BRDA:111,10,0,0
BRDA:111,10,1,0
BRDA:111,11,0,0
BRDA:111,11,1,0
BRDA:111,11,2,0
BRDA:111,11,3,0
BRDA:111,11,4,0
BRDA:111,11,5,0
BRF:35
BRH:0
end_of_record
TN:
SF:controllers/kdsController.js
FN:12,(anonymous_0)
FN:30,(anonymous_1)
FN:61,(anonymous_2)
FN:73,(anonymous_3)
FN:94,(anonymous_4)
FN:124,(anonymous_5)
FN:171,(anonymous_6)
FN:191,(anonymous_7)
FN:192,(anonymous_8)
FN:195,(anonymous_9)
FN:226,(anonymous_10)
FN:268,(anonymous_11)
FN:341,(anonymous_12)
FN:376,(anonymous_13)
FN:399,(anonymous_14)
FN:422,(anonymous_15)
FN:462,(anonymous_16)
FN:463,(anonymous_17)
FN:523,(anonymous_18)
FN:541,(anonymous_19)
FNF:20
FNH:0
FNDA:0,(anonymous_0)
FNDA:0,(anonymous_1)
FNDA:0,(anonymous_2)
FNDA:0,(anonymous_3)
FNDA:0,(anonymous_4)
FNDA:0,(anonymous_5)
FNDA:0,(anonymous_6)
FNDA:0,(anonymous_7)
FNDA:0,(anonymous_8)
FNDA:0,(anonymous_9)
FNDA:0,(anonymous_10)
FNDA:0,(anonymous_11)
FNDA:0,(anonymous_12)
FNDA:0,(anonymous_13)
FNDA:0,(anonymous_14)
FNDA:0,(anonymous_15)
FNDA:0,(anonymous_16)
FNDA:0,(anonymous_17)
FNDA:0,(anonymous_18)
FNDA:0,(anonymous_19)
DA:1,0
DA:2,0
DA:3,0
DA:4,0
DA:5,0
DA:6,0
DA:7,0
DA:12,0
DA:13,0
DA:14,0
DA:16,0
DA:18,0
DA:23,0
DA:30,0
DA:31,0
DA:32,0
DA:33,0
DA:35,0
DA:37,0
DA:38,0
DA:41,0
DA:42,0
DA:43,0
DA:44,0
DA:46,0
DA:48,0
DA:54,0
DA:61,0
DA:62,0
DA:63,0
DA:64,0
DA:66,0
DA:73,0
DA:81,0
DA:87,0
DA:94,0
DA:95,0
DA:96,0
DA:98,0
DA:102,0
DA:103,0
DA:104,0
DA:107,0
DA:117,0
DA:124,0
DA:125,0
DA:126,0
DA:128,0
DA:130,0
DA:131,0
DA:132,0
DA:135,0
DA:136,0
DA:137,0
DA:140,0
DA:141,0
DA:142,0
DA:145,0
DA:146,0
DA:148,0
DA:152,0
DA:153,0
DA:158,0
DA:164,0
DA:171,0
DA:172,0
DA:173,0
DA:174,0
DA:176,0
DA:177,0
DA:178,0
DA:181,0
DA:183,0
DA:184,0
DA:185,0
DA:188,0
DA:191,0
DA:192,0
DA:194,0
DA:195,0
DA:196,0
DA:197,0
DA:198,0
DA:199,0
DA:204,0
DA:205,0
DA:213,0
DA:219,0
DA:226,0
DA:227,0
DA:228,0
DA:230,0
DA:232,0
DA:233,0
DA:234,0
DA:237,0
DA:240,0
DA:241,0
DA:243,0
DA:247,0
DA:248,0
DA:255,0
DA:261,0
DA:268,0
DA:269,0
DA:270,0
DA:272,0
DA:274,0
DA:275,0
DA:276,0
DA:279,0
DA:282,0
DA:283,0
DA:284,0
DA:285,0
DA:286,0
DA:288,0
DA:290,0
DA:294,0
DA:300,0
DA:301,0
DA:304,0
DA:305,0
DA:307,0
DA:308,0
DA:312,0
DA:318,0
DA:322,0
DA:328,0
DA:334,0
DA:341,0
DA:342,0
DA:343,0
DA:345,0
DA:347,0
DA:348,0
DA:349,0
DA:352,0
DA:355,0
DA:356,0
DA:363,0
DA:369,0
DA:376,0
DA:377,0
DA:378,0
DA:379,0
DA:381,0
DA:384,0
DA:385,0
DA:387,0
DA:396,0
DA:397,0
DA:399,0
DA:400,0
DA:401,0
DA:402,0
DA:403,0
DA:407,0
DA:408,0
DA:410,0
DA:415,0
DA:422,0
DA:423,0
DA:424,0
DA:426,0
DA:429,0
DA:430,0
DA:431,0
DA:434,0
DA:437,0
DA:439,0
DA:442,0
DA:443,0
DA:444,0
DA:445,0
DA:446,0
DA:447,0
DA:448,0
DA:449,0
DA:451,0
DA:453,0
DA:456,0
DA:459,0
DA:461,0
DA:462,0
DA:463,0
DA:474,0
DA:475,0
DA:476,0
DA:483,0
DA:501,0
DA:502,0
DA:510,0
DA:516,0
DA:523,0
DA:524,0
DA:525,0
DA:526,0
DA:528,0
DA:530,0
DA:531,0
DA:532,0
DA:535,0
DA:536,0
DA:537,0
DA:540,0
DA:541,0
DA:542,0
DA:543,0
DA:547,0
DA:550,0
DA:551,0
DA:558,0
DA:564,0
DA:568,0
LF:215
LH:0
BRDA:14,0,0,0
BRDA:14,0,1,0
BRDA:14,1,0,0
BRDA:14,1,1,0
BRDA:32,2,0,0
BRDA:32,2,1,0
BRDA:32,3,0,0
BRDA:32,3,1,0
BRDA:37,4,0,0
BRDA:37,4,1,0
BRDA:41,5,0,0
BRDA:41,5,1,0
BRDA:42,6,0,0
BRDA:42,6,1,0
BRDA:43,7,0,0
BRDA:43,7,1,0
BRDA:44,8,0,0
BRDA:44,8,1,0
BRDA:63,9,0,0
BRDA:64,10,0,0
BRDA:64,10,1,0
BRDA:64,11,0,0
BRDA:64,11,1,0
BRDA:102,12,0,0
BRDA:102,12,1,0
BRDA:130,13,0,0
BRDA:130,13,1,0
BRDA:135,14,0,0
BRDA:135,14,1,0
BRDA:176,15,0,0
BRDA:176,15,1,0
BRDA:183,16,0,0
BRDA:183,16,1,0
BRDA:192,17,0,0
BRDA:192,17,1,0
BRDA:194,18,0,0
BRDA:194,18,1,0
BRDA:194,19,0,0
BRDA:194,19,1,0
BRDA:196,20,0,0
BRDA:196,20,1,0
BRDA:232,21,0,0
BRDA:232,21,1,0
BRDA:274,22,0,0
BRDA:274,22,1,0
BRDA:285,23,0,0
BRDA:285,23,1,0
BRDA:285,24,0,0
BRDA:285,24,1,0
BRDA:285,24,2,0
BRDA:300,25,0,0
BRDA:300,25,1,0
BRDA:301,26,0,0
BRDA:301,26,1,0
BRDA:301,27,0,0
BRDA:301,27,1,0
BRDA:305,28,0,0
BRDA:305,28,1,0
BRDA:347,29,0,0
BRDA:347,29,1,0
BRDA:378,30,0,0
BRDA:379,31,0,0
BRDA:379,31,1,0
BRDA:379,32,0,0
BRDA:379,32,1,0
BRDA:400,33,0,0
BRDA:400,33,1,0
BRDA:400,34,0,0
BRDA:400,34,1,0
BRDA:407,35,0,0
BRDA:407,35,1,0
BRDA:429,36,0,0
BRDA:429,36,1,0
BRDA:434,37,0,0
BRDA:434,37,1,0
BRDA:434,38,0,0
BRDA:434,38,1,0
BRDA:439,39,0,0
BRDA:439,39,1,0
BRDA:442,40,0,0
BRDA:442,40,1,0
BRDA:443,41,0,0
BRDA:443,41,1,0
BRDA:447,42,0,0
BRDA:447,42,1,0
BRDA:448,43,0,0
BRDA:448,43,1,0
BRDA:459,44,0,0
BRDA:459,44,1,0
BRDA:462,45,0,0
BRDA:462,45,1,0
BRDA:465,46,0,0
BRDA:465,46,1,0
BRDA:466,47,0,0
BRDA:466,47,1,0
BRDA:467,48,0,0
BRDA:467,48,1,0
BRDA:469,49,0,0
BRDA:469,49,1,0
BRDA:470,50,0,0
BRDA:470,50,1,0
BRDA:471,51,0,0
BRDA:471,51,1,0
BRDA:474,52,0,0
BRDA:474,52,1,0
BRDA:486,53,0,0
BRDA:486,53,1,0
BRDA:490,54,0,0
BRDA:490,54,1,0
BRDA:492,55,0,0
BRDA:492,55,1,0
BRDA:495,56,0,0
BRDA:495,56,1,0
BRDA:530,57,0,0
BRDA:530,57,1,0
BRDA:535,58,0,0
BRDA:535,58,1,0
BRDA:542,59,0,0
BRDA:542,59,1,0
BRF:119
BRH:0
end_of_record
TN:
SF:controllers/observabilityController.js
FN:10,(anonymous_0)
FN:32,(anonymous_1)
FN:53,(anonymous_2)
FN:74,(anonymous_3)
FN:90,(anonymous_4)
FN:117,(anonymous_5)
FN:155,(anonymous_6)
FN:193,(anonymous_7)
FN:219,(anonymous_8)
FN:266,(anonymous_9)
FN:304,(anonymous_10)
FN:305,(anonymous_11)
FN:306,(anonymous_12)
FN:307,(anonymous_13)
FN:324,(anonymous_14)
FN:345,(anonymous_15)
FNF:16
FNH:0
FNDA:0,(anonymous_0)
FNDA:0,(anonymous_1)
FNDA:0,(anonymous_2)
FNDA:0,(anonymous_3)
FNDA:0,(anonymous_4)
FNDA:0,(anonymous_5)
FNDA:0,(anonymous_6)
FNDA:0,(anonymous_7)
FNDA:0,(anonymous_8)
FNDA:0,(anonymous_9)
FNDA:0,(anonymous_10)
FNDA:0,(anonymous_11)
FNDA:0,(anonymous_12)
FNDA:0,(anonymous_13)
FNDA:0,(anonymous_14)
FNDA:0,(anonymous_15)
DA:1,0
DA:2,0
DA:3,0
DA:4,0
DA:5,0
DA:10,0
DA:11,0
DA:12,0
DA:13,0
DA:15,0
DA:16,0
DA:18,0
DA:20,0
DA:25,0
DA:32,0
DA:33,0
DA:34,0
DA:36,0
DA:38,0
DA:43,0
DA:44,0
DA:46,0
DA:53,0
DA:54,0
DA:55,0
DA:57,0
DA:58,0
DA:60,0
DA:62,0
DA:67,0
DA:74,0
DA:75,0
DA:76,0
DA:78,0
DA:83,0
DA:90,0
DA:91,0
DA:92,0
DA:94,0
DA:95,0
DA:97,0
DA:105,0
DA:110,0
DA:117,0
DA:118,0
DA:119,0
DA:120,0
DA:122,0
DA:125,0
DA:136,0
DA:142,0
DA:143,0
DA:145,0
DA:146,0
DA:148,0
DA:155,0
DA:156,0
DA:157,0
DA:158,0
DA:160,0
DA:163,0
DA:174,0
DA:180,0
DA:181,0
DA:183,0
DA:184,0
DA:186,0
DA:193,0
DA:194,0
DA:195,0
DA:197,0
DA:198,0
DA:200,0
DA:207,0
DA:212,0
DA:219,0
DA:220,0
DA:221,0
DA:223,0
DA:224,0
DA:227,0
DA:229,0
DA:240,0
DA:252,0
DA:258,0
DA:266,0
DA:267,0
DA:268,0
DA:270,0
DA:271,0
DA:274,0
DA:281,0
DA:286,0
DA:291,0
DA:292,0
DA:293,0
DA:296,0
DA:304,0
DA:305,0
DA:306,0
DA:307,0
DA:312,0
DA:317,0
DA:324,0
DA:325,0
DA:326,0
DA:328,0
DA:329,0
DA:331,0
DA:333,0
DA:338,0
DA:345,0
DA:346,0
DA:347,0
DA:349,0
DA:351,0
DA:356,0
DA:360,0
LF:118
LH:0
BRDA:15,0,0,0
BRDA:15,0,1,0
BRDA:15,1,0,0
BRDA:15,1,1,0
BRDA:16,2,0,0
BRDA:16,2,1,0
BRDA:16,3,0,0
BRDA:16,3,1,0
BRDA:43,4,0,0
BRDA:43,4,1,0
BRDA:57,5,0,0
BRDA:57,5,1,0
BRDA:57,6,0,0
BRDA:57,6,1,0
BRDA:58,7,0,0
BRDA:58,7,1,0
BRDA:58,8,0,0
BRDA:58,8,1,0
BRDA:94,9,0,0
BRDA:94,9,1,0
BRDA:94,10,0,0
BRDA:94,10,1,0
BRDA:95,11,0,0
BRDA:95,11,1,0
BRDA:95,12,0,0
BRDA:95,12,1,0
BRDA:102,13,0,0
BRDA:102,13,1,0
BRDA:128,14,0,0
BRDA:128,14,1,0
BRDA:133,15,0,0
BRDA:133,15,1,0
BRDA:142,16,0,0
BRDA:142,16,1,0
BRDA:145,17,0,0
BRDA:145,17,1,0
BRDA:166,18,0,0
BRDA:166,18,1,0
BRDA:171,19,0,0
BRDA:171,19,1,0
BRDA:180,20,0,0
BRDA:180,20,1,0
BRDA:183,21,0,0
BRDA:183,21,1,0
BRDA:197,22,0,0
BRDA:197,22,1,0
BRDA:197,23,0,0
BRDA:197,23,1,0
BRDA:198,24,0,0
BRDA:198,24,1,0
BRDA:198,25,0,0
BRDA:198,25,1,0
BRDA:204,26,0,0
BRDA:204,26,1,0
BRDA:223,27,0,0
BRDA:223,27,1,0
BRDA:223,28,0,0
BRDA:223,28,1,0
BRDA:227,29,0,0
BRDA:227,29,1,0
BRDA:227,30,0,0
BRDA:227,30,1,0
BRDA:249,31,0,0
BRDA:249,31,1,0
BRDA:249,32,0,0
BRDA:249,32,1,0
BRDA:249,33,0,0
BRDA:249,33,1,0
BRDA:270,34,0,0
BRDA:270,34,1,0
BRDA:270,35,0,0
BRDA:270,35,1,0
BRDA:271,36,0,0
BRDA:271,36,1,0
BRDA:271,37,0,0
BRDA:271,37,1,0
BRDA:281,38,0,0
BRDA:281,38,1,0
BRDA:281,39,0,0
BRDA:281,39,1,0
BRDA:282,40,0,0
BRDA:282,40,1,0
BRDA:286,41,0,0
BRDA:286,41,1,0
BRDA:286,42,0,0
BRDA:286,42,1,0
BRDA:287,43,0,0
BRDA:287,43,1,0
BRDA:292,44,0,0
BRDA:292,44,1,0
BRDA:292,45,0,0
BRDA:292,45,1,0
BRDA:293,46,0,0
BRDA:293,46,1,0
BRDA:297,47,0,0
BRDA:297,47,1,0
BRDA:297,48,0,0
BRDA:297,48,1,0
BRDA:298,49,0,0
BRDA:298,49,1,0
BRDA:299,50,0,0
BRDA:299,50,1,0
BRDA:300,51,0,0
BRDA:300,51,1,0
BRDA:301,52,0,0
BRDA:301,52,1,0
BRDA:302,53,0,0
BRDA:302,53,1,0
BRDA:303,54,0,0
BRDA:303,54,1,0
BRDA:328,55,0,0
BRDA:328,55,1,0
BRDA:328,56,0,0
BRDA:328,56,1,0
BRDA:329,57,0,0
BRDA:329,57,1,0
BRDA:329,58,0,0
BRDA:329,58,1,0
BRDA:347,59,0,0
BRDA:347,59,1,0
BRDA:347,60,0,0
BRDA:347,60,1,0
BRF:122
BRH:0
end_of_record
TN:
SF:controllers/orderController.js
FN:17,(anonymous_0)
FN:28,(anonymous_1)
FN:43,(anonymous_2)
FN:44,(anonymous_3)
FN:60,(anonymous_4)
FN:67,(anonymous_5)
FN:83,(anonymous_6)
FN:84,(anonymous_7)
FN:131,(anonymous_8)
FN:170,(anonymous_9)
FN:171,(anonymous_10)
FN:176,(anonymous_11)
FN:209,(anonymous_12)
FN:231,(anonymous_13)
FN:251,(anonymous_14)
FN:337,(anonymous_15)
FN:403,(anonymous_16)
FN:405,(anonymous_17)
FNF:18
FNH:0
FNDA:0,(anonymous_0)
FNDA:0,(anonymous_1)
FNDA:0,(anonymous_2)
FNDA:0,(anonymous_3)
FNDA:0,(anonymous_4)
FNDA:0,(anonymous_5)
FNDA:0,(anonymous_6)
FNDA:0,(anonymous_7)
FNDA:0,(anonymous_8)
FNDA:0,(anonymous_9)
FNDA:0,(anonymous_10)
FNDA:0,(anonymous_11)
FNDA:0,(anonymous_12)
FNDA:0,(anonymous_13)
FNDA:0,(anonymous_14)
FNDA:0,(anonymous_15)
FNDA:0,(anonymous_16)
FNDA:0,(anonymous_17)
DA:1,0
DA:2,0
DA:3,0
DA:4,0
DA:5,0
DA:6,0
DA:7,0
DA:8,0
DA:9,0
DA:17,0
DA:20,0
DA:21,0
DA:28,0
DA:29,0
DA:30,0
DA:33,0
DA:34,0
DA:35,0
DA:36,0
DA:37,0
DA:41,0
DA:42,0
DA:43,0
DA:44,0
DA:45,0
DA:48,0
DA:49,0
DA:50,0
DA:51,0
DA:53,0
DA:55,0
DA:59,0
DA:60,0
DA:61,0
DA:62,0
DA:63,0
DA:67,0
DA:68,0
DA:69,0
DA:70,0
DA:71,0
DA:75,0
DA:76,0
DA:82,0
DA:83,0
DA:84,0
DA:95,0
DA:97,0
DA:98,0
DA:101,0
DA:117,0
DA:118,0
DA:127,0
DA:131,0
DA:132,0
DA:134,0
DA:135,0
DA:138,0
DA:139,0
DA:140,0
DA:142,0
DA:143,0
DA:146,0
DA:147,0
DA:149,0
DA:150,0
DA:151,0
DA:153,0
DA:154,0
DA:156,0
DA:163,0
DA:168,0
DA:169,0
DA:170,0
DA:171,0
DA:172,0
DA:175,0
DA:176,0
DA:180,0
DA:181,0
DA:183,0
DA:184,0
DA:186,0
DA:188,0
DA:189,0
DA:192,0
DA:194,0
DA:195,0
DA:198,0
DA:201,0
DA:205,0
DA:209,0
DA:210,0
DA:211,0
DA:213,0
DA:214,0
DA:215,0
DA:219,0
DA:220,0
DA:221,0
DA:222,0
DA:225,0
DA:227,0
DA:231,0
DA:232,0
DA:233,0
DA:236,0
DA:237,0
DA:238,0
DA:239,0
DA:240,0
DA:241,0
DA:244,0
DA:245,0
DA:247,0
DA:251,0
DA:252,0
DA:253,0
DA:254,0
DA:256,0
DA:257,0
DA:258,0
DA:262,0
DA:263,0
DA:264,0
DA:265,0
DA:268,0
DA:271,0
DA:278,0
DA:279,0
DA:282,0
DA:283,0
DA:286,0
DA:287,0
DA:288,0
DA:289,0
DA:290,0
DA:291,0
DA:299,0
DA:304,0
DA:305,0
DA:306,0
DA:307,0
DA:308,0
DA:309,0
DA:316,0
DA:324,0
DA:328,0
DA:337,0
DA:338,0
DA:339,0
DA:340,0
DA:341,0
DA:344,0
DA:346,0
DA:347,0
DA:348,0
DA:351,0
DA:352,0
DA:360,0
DA:361,0
DA:363,0
DA:364,0
DA:366,0
DA:367,0
DA:376,0
DA:377,0
DA:378,0
DA:379,0
DA:380,0
DA:381,0
DA:383,0
DA:384,0
DA:385,0
DA:386,0
DA:387,0
DA:390,0
DA:391,0
DA:392,0
DA:393,0
DA:394,0
DA:395,0
DA:399,0
DA:401,0
DA:402,0
DA:403,0
DA:404,0
DA:405,0
DA:406,0
DA:408,0
DA:411,0
DA:412,0
DA:414,0
DA:415,0
DA:418,0
DA:419,0
DA:420,0
DA:421,0
DA:423,0
DA:427,0
DA:428,0
DA:443,0
DA:446,0
DA:449,0
DA:462,0
DA:466,0
LF:206
LH:0
BRDA:20,0,0,0
BRDA:20,0,1,0
BRDA:21,1,0,0
BRDA:21,1,1,0
BRDA:34,2,0,0
BRDA:34,2,1,0
BRDA:45,3,0,0
BRDA:45,3,1,0
BRDA:53,4,0,0
BRDA:53,4,1,0
BRDA:60,5,0,0
BRDA:60,5,1,0
BRDA:60,6,0,0
BRDA:60,6,1,0
BRDA:62,7,0,0
BRDA:62,7,1,0
BRDA:68,8,0,0
BRDA:68,8,1,0
BRDA:68,9,0,0
BRDA:68,9,1,0
BRDA:70,10,0,0
BRDA:70,10,1,0
BRDA:70,11,0,0
BRDA:70,11,1,0
BRDA:71,12,0,0
BRDA:71,12,1,0
BRDA:71,12,2,0
BRDA:75,13,0,0
BRDA:75,13,1,0
BRDA:76,14,0,0
BRDA:76,14,1,0
BRDA:77,15,0,0
BRDA:77,15,1,0
BRDA:78,16,0,0
BRDA:78,16,1,0
BRDA:79,17,0,0
BRDA:79,17,1,0
BRDA:83,18,0,0
BRDA:83,18,1,0
BRDA:83,18,2,0
BRDA:83,18,3,0
BRDA:86,19,0,0
BRDA:86,19,1,0
BRDA:87,20,0,0
BRDA:87,20,1,0
BRDA:88,21,0,0
BRDA:88,21,1,0
BRDA:90,22,0,0
BRDA:90,22,1,0
BRDA:91,23,0,0
BRDA:91,23,1,0
BRDA:92,24,0,0
BRDA:92,24,1,0
BRDA:95,25,0,0
BRDA:95,25,1,0
BRDA:105,26,0,0
BRDA:105,26,1,0
BRDA:110,27,0,0
BRDA:110,27,1,0
BRDA:113,28,0,0
BRDA:113,28,1,0
BRDA:117,29,0,0
BRDA:117,29,1,0
BRDA:134,30,0,0
BRDA:134,30,1,0
BRDA:138,31,0,0
BRDA:138,31,1,0
BRDA:139,32,0,0
BRDA:139,32,1,0
BRDA:140,33,0,0
BRDA:140,33,1,0
BRDA:146,34,0,0
BRDA:146,34,1,0
BRDA:150,35,0,0
BRDA:150,35,1,0
BRDA:153,36,0,0
BRDA:153,36,1,0
BRDA:172,37,0,0
BRDA:172,37,1,0
BRDA:176,38,0,0
BRDA:176,38,1,0
BRDA:184,39,0,0
BRDA:184,39,1,0
BRDA:186,40,0,0
BRDA:186,40,1,0
BRDA:213,41,0,0
BRDA:213,41,1,0
BRDA:220,42,0,0
BRDA:220,42,1,0
BRDA:237,43,0,0
BRDA:237,43,1,0
BRDA:256,44,0,0
BRDA:256,44,1,0
BRDA:263,45,0,0
BRDA:263,45,1,0
BRDA:282,46,0,0
BRDA:282,46,1,0
BRDA:286,47,0,0
BRDA:286,47,1,0
BRDA:289,48,0,0
BRDA:289,48,1,0
BRDA:289,49,0,0
BRDA:289,49,1,0
BRDA:289,49,2,0
BRDA:304,50,0,0
BRDA:304,50,1,0
BRDA:307,51,0,0
BRDA:307,51,1,0
BRDA:307,52,0,0
BRDA:307,52,1,0
BRDA:340,53,0,0
BRDA:340,53,1,0
BRDA:346,54,0,0
BRDA:346,54,1,0
BRDA:351,55,0,0
BRDA:351,55,1,0
BRDA:378,56,0,0
BRDA:378,56,1,0
BRDA:379,57,0,0
BRDA:379,57,1,0
BRDA:386,58,0,0
BRDA:386,58,1,0
BRDA:386,59,0,0
BRDA:386,59,1,0
BRDA:390,60,0,0
BRDA:390,60,1,0
BRDA:391,61,0,0
BRDA:391,61,1,0
BRDA:392,62,0,0
BRDA:392,62,1,0
BRDA:393,63,0,0
BRDA:393,63,1,0
BRDA:394,64,0,0
BRDA:394,64,1,0
BRDA:395,65,0,0
BRDA:395,65,1,0
BRDA:401,66,0,0
BRDA:401,66,1,0
BRDA:403,67,0,0
BRDA:403,67,1,0
BRDA:405,68,0,0
BRDA:405,68,1,0
BRDA:451,69,0,0
BRDA:451,69,1,0
BRDA:455,70,0,0
BRDA:455,70,1,0
BRDA:456,71,0,0
BRDA:456,71,1,0
BRDA:458,72,0,0
BRDA:458,72,1,0
BRF:150
BRH:0
end_of_record
TN:
SF:controllers/orderReversalController.js
FN:11,(anonymous_0)
FN:68,(anonymous_1)
FNF:2
FNH:0
FNDA:0,(anonymous_0)
FNDA:0,(anonymous_1)
DA:1,0
DA:2,0
DA:3,0
DA:4,0
DA:5,0
DA:11,0
DA:12,0
DA:13,0
DA:15,0
DA:16,0
DA:17,0
DA:20,0
DA:23,0
DA:24,0
DA:25,0
DA:26,0
DA:30,0
DA:31,0
DA:32,0
DA:36,0
DA:43,0
DA:54,0
DA:60,0
DA:68,0
DA:69,0
DA:70,0
DA:72,0
DA:73,0
DA:74,0
DA:77,0
DA:80,0
DA:81,0
DA:82,0
DA:83,0
DA:87,0
DA:88,0
DA:89,0
DA:93,0
DA:100,0
DA:112,0
DA:113,0
DA:114,0
DA:122,0
DA:123,0
DA:124,0
DA:128,0
DA:129,0
DA:137,0
DA:141,0
DA:147,0
DA:151,0
LF:51
LH:0
BRDA:15,0,0,0
BRDA:15,0,1,0
BRDA:20,1,0,0
BRDA:20,1,1,0
BRDA:20,2,0,0
BRDA:20,2,1,0
BRDA:24,3,0,0
BRDA:24,3,1,0
BRDA:30,4,0,0
BRDA:30,4,1,0
BRDA:30,5,0,0
BRDA:30,5,1,0
BRDA:72,6,0,0
BRDA:72,6,1,0
BRDA:77,7,0,0
BRDA:77,7,1,0
BRDA:77,8,0,0
BRDA:77,8,1,0
BRDA:81,9,0,0
BRDA:81,9,1,0
BRDA:87,10,0,0
BRDA:87,10,1,0
BRDA:87,11,0,0
BRDA:87,11,1,0
BRDA:113,12,0,0
BRDA:113,12,1,0
BRDA:122,13,0,0
BRDA:122,13,1,0
BRDA:128,14,0,0
BRDA:128,14,1,0
BRF:30
BRH:0
end_of_record
TN:
SF:controllers/paymentController.js
FN:6,(anonymous_0)
FN:28,(anonymous_1)
FN:49,(anonymous_2)
FNF:3
FNH:0
FNDA:0,(anonymous_0)
FNDA:0,(anonymous_1)
FNDA:0,(anonymous_2)
DA:1,0
DA:2,0
DA:3,0
DA:4,0
DA:6,0
DA:7,0
DA:12,0
DA:13,0
DA:14,0
DA:20,0
DA:21,0
DA:23,0
DA:24,0
DA:28,0
DA:29,0
DA:31,0
DA:33,0
DA:38,0
DA:39,0
DA:41,0
DA:42,0
DA:45,0
DA:49,0
DA:50,0
DA:51,0
DA:52,0
DA:54,0
DA:57,0
DA:62,0
DA:63,0
DA:66,0
DA:67,0
DA:68,0
DA:71,0
DA:83,0
DA:86,0
DA:88,0
DA:89,0
DA:92,0
DA:96,0
LF:40
LH:0
BRDA:38,0,0,0
BRDA:38,0,1,0
BRDA:62,1,0,0
BRDA:62,1,1,0
BRDA:66,2,0,0
BRDA:66,2,1,0
BRF:6
BRH:0
end_of_record
TN:
SF:controllers/pdvController.js
FN:15,(anonymous_0)
FN:73,(anonymous_1)
FN:99,(anonymous_2)
FN:143,(anonymous_3)
FN:187,(anonymous_4)
FN:258,(anonymous_5)
FN:260,(anonymous_6)
FN:279,(anonymous_7)
FN:366,(anonymous_8)
FN:402,(anonymous_9)
FN:485,(anonymous_10)
FN:531,(anonymous_11)
FN:557,(anonymous_12)
FN:567,(anonymous_13)
FN:612,(anonymous_14)
FNF:15
FNH:0
FNDA:0,(anonymous_0)
FNDA:0,(anonymous_1)
FNDA:0,(anonymous_2)
FNDA:0,(anonymous_3)
FNDA:0,(anonymous_4)
FNDA:0,(anonymous_5)
FNDA:0,(anonymous_6)
FNDA:0,(anonymous_7)
FNDA:0,(anonymous_8)
FNDA:0,(anonymous_9)
FNDA:0,(anonymous_10)
FNDA:0,(anonymous_11)
FNDA:0,(anonymous_12)
FNDA:0,(anonymous_13)
FNDA:0,(anonymous_14)
DA:1,0
DA:2,0
DA:3,0
DA:4,0
DA:5,0
DA:6,0
DA:7,0
DA:8,0
DA:9,0
DA:10,0
DA:15,0
DA:16,0
DA:17,0
DA:20,0
DA:23,0
DA:25,0
DA:26,0
DA:27,0
DA:31,0
DA:34,0
DA:45,0
DA:48,0
DA:60,0
DA:66,0
DA:73,0
DA:74,0
DA:75,0
DA:77,0
DA:79,0
DA:80,0
DA:87,0
DA:92,0
DA:99,0
DA:100,0
DA:101,0
DA:103,0
DA:104,0
DA:105,0
DA:108,0
DA:110,0
DA:112,0
DA:113,0
DA:114,0
DA:117,0
DA:120,0
DA:130,0
DA:136,0
DA:143,0
DA:144,0
DA:145,0
DA:147,0
DA:148,0
DA:149,0
DA:152,0
DA:154,0
DA:156,0
DA:157,0
DA:158,0
DA:161,0
DA:164,0
DA:174,0
DA:180,0
DA:187,0
DA:188,0
DA:189,0
DA:192,0
DA:193,0
DA:194,0
DA:197,0
DA:200,0
DA:202,0
DA:203,0
DA:204,0
DA:208,0
DA:209,0
DA:210,0
DA:214,0
DA:215,0
DA:216,0
DA:220,0
DA:221,0
DA:223,0
DA:224,0
DA:226,0
DA:228,0
DA:237,0
DA:238,0
DA:239,0
DA:240,0
DA:241,0
DA:242,0
DA:244,0
DA:245,0
DA:246,0
DA:247,0
DA:248,0
DA:254,0
DA:256,0
DA:257,0
DA:258,0
DA:259,0
DA:260,0
DA:261,0
DA:263,0
DA:266,0
DA:269,0
DA:272,0
DA:273,0
DA:275,0
DA:279,0
DA:280,0
DA:281,0
DA:285,0
DA:300,0
DA:301,0
DA:302,0
DA:311,0
DA:312,0
DA:314,0
DA:315,0
DA:316,0
DA:319,0
DA:320,0
DA:321,0
DA:326,0
DA:327,0
DA:328,0
DA:335,0
DA:340,0
DA:356,0
DA:357,0
DA:360,0
DA:361,0
DA:362,0
DA:363,0
DA:366,0
DA:379,0
DA:389,0
DA:395,0
DA:402,0
DA:403,0
DA:404,0
DA:405,0
DA:407,0
DA:409,0
DA:410,0
DA:411,0
DA:414,0
DA:417,0
DA:418,0
DA:419,0
DA:422,0
DA:423,0
DA:424,0
DA:427,0
DA:430,0
DA:431,0
DA:432,0
DA:433,0
DA:434,0
DA:435,0
DA:442,0
DA:443,0
DA:446,0
DA:452,0
DA:465,0
DA:478,0
DA:485,0
DA:486,0
DA:487,0
DA:489,0
DA:490,0
DA:491,0
DA:494,0
DA:496,0
DA:498,0
DA:499,0
DA:500,0
DA:503,0
DA:506,0
DA:518,0
DA:524,0
DA:531,0
DA:532,0
DA:533,0
DA:534,0
DA:536,0
DA:538,0
DA:539,0
DA:542,0
DA:543,0
DA:544,0
DA:545,0
DA:548,0
DA:554,0
DA:557,0
DA:560,0
DA:567,0
DA:568,0
DA:569,0
DA:570,0
DA:572,0
DA:573,0
DA:575,0
DA:576,0
DA:579,0
DA:582,0
DA:591,0
DA:605,0
DA:612,0
DA:613,0
DA:614,0
DA:616,0
DA:619,0
DA:625,0
DA:626,0
DA:628,0
DA:634,0
DA:636,0
DA:651,0
DA:655,0
LF:221
LH:0
BRDA:20,0,0,0
BRDA:20,0,1,0
BRDA:20,1,0,0
BRDA:20,1,1,0
BRDA:25,2,0,0
BRDA:25,2,1,0
BRDA:38,3,0,0
BRDA:38,3,1,0
BRDA:40,4,0,0
BRDA:40,4,1,0
BRDA:45,5,0,0
BRDA:45,5,1,0
BRDA:75,6,0,0
BRDA:75,6,1,0
BRDA:75,7,0,0
BRDA:75,7,1,0
BRDA:79,8,0,0
BRDA:79,8,1,0
BRDA:103,9,0,0
BRDA:103,9,1,0
BRDA:103,10,0,0
BRDA:103,10,1,0
BRDA:108,11,0,0
BRDA:108,11,1,0
BRDA:108,12,0,0
BRDA:108,12,1,0
BRDA:112,13,0,0
BRDA:112,13,1,0
BRDA:147,14,0,0
BRDA:147,14,1,0
BRDA:147,15,0,0
BRDA:147,15,1,0
BRDA:152,16,0,0
BRDA:152,16,1,0
BRDA:152,17,0,0
BRDA:152,17,1,0
BRDA:156,18,0,0
BRDA:156,18,1,0
BRDA:192,19,0,0
BRDA:192,19,1,0
BRDA:192,20,0,0
BRDA:192,20,1,0
BRDA:192,20,2,0
BRDA:197,21,0,0
BRDA:197,21,1,0
BRDA:197,22,0,0
BRDA:197,22,1,0
BRDA:202,23,0,0
BRDA:202,23,1,0
BRDA:208,24,0,0
BRDA:208,24,1,0
BRDA:208,25,0,0
BRDA:208,25,1,0
BRDA:214,26,0,0
BRDA:214,26,1,0
BRDA:239,27,0,0
BRDA:239,27,1,0
BRDA:240,28,0,0
BRDA:240,28,1,0
BRDA:247,29,0,0
BRDA:247,29,1,0
BRDA:247,30,0,0
BRDA:247,30,1,0
BRDA:256,31,0,0
BRDA:256,31,1,0
BRDA:258,32,0,0
BRDA:258,32,1,0
BRDA:260,33,0,0
BRDA:260,33,1,0
BRDA:273,34,0,0
BRDA:273,34,1,0
BRDA:279,35,0,0
BRDA:279,35,1,0
BRDA:279,36,0,0
BRDA:279,36,1,0
BRDA:279,36,2,0
BRDA:279,37,0,0
BRDA:279,37,1,0
BRDA:288,38,0,0
BRDA:288,38,1,0
BRDA:291,39,0,0
BRDA:291,39,1,0
BRDA:292,40,0,0
BRDA:292,40,1,0
BRDA:292,41,0,0
BRDA:292,41,1,0
BRDA:293,42,0,0
BRDA:293,42,1,0
BRDA:301,43,0,0
BRDA:301,43,1,0
BRDA:319,44,0,0
BRDA:319,44,1,0
BRDA:327,45,0,0
BRDA:327,45,1,0
BRDA:360,46,0,0
BRDA:360,46,1,0
BRDA:360,47,0,0
BRDA:360,47,1,0
BRDA:362,48,0,0
BRDA:362,48,1,0
BRDA:362,49,0,0
BRDA:362,49,1,0
BRDA:381,50,0,0
BRDA:381,50,1,0
BRDA:409,51,0,0
BRDA:409,51,1,0
BRDA:414,52,0,0
BRDA:414,52,1,0
BRDA:414,53,0,0
BRDA:414,53,1,0
BRDA:417,54,0,0
BRDA:417,54,1,0
BRDA:417,55,0,0
BRDA:417,55,1,0
BRDA:422,56,0,0
BRDA:422,56,1,0
BRDA:431,57,0,0
BRDA:431,57,1,0
BRDA:433,58,0,0
BRDA:433,58,1,0
BRDA:433,59,0,0
BRDA:433,59,1,0
BRDA:433,59,2,0
BRDA:433,59,3,0
BRDA:437,60,0,0
BRDA:437,60,1,0
BRDA:461,61,0,0
BRDA:461,61,1,0
BRDA:470,62,0,0
BRDA:470,62,1,0
BRDA:489,63,0,0
BRDA:489,63,1,0
BRDA:494,64,0,0
BRDA:494,64,1,0
BRDA:494,65,0,0
BRDA:494,65,1,0
BRDA:498,66,0,0
BRDA:498,66,1,0
BRDA:533,67,0,0
BRDA:534,68,0,0
BRDA:534,68,1,0
BRDA:534,69,0,0
BRDA:534,69,1,0
BRDA:538,70,0,0
BRDA:538,70,1,0
BRDA:542,71,0,0
BRDA:542,71,1,0
BRDA:542,72,0,0
BRDA:542,72,1,0
BRDA:544,73,0,0
BRDA:544,73,1,0
BRDA:545,74,0,0
BRDA:545,74,1,0
BRDA:569,75,0,0
BRDA:570,76,0,0
BRDA:570,76,1,0
BRDA:570,77,0,0
BRDA:570,77,1,0
BRDA:614,78,0,0
BRDA:614,78,1,0
BRDA:614,79,0,0
BRDA:614,79,1,0
BRDA:639,80,0,0
BRDA:639,80,1,0
BRF:164
BRH:0
end_of_record
TN:
SF:controllers/productController.js
FN:12,(anonymous_0)
FN:124,(anonymous_1)
FN:187,(anonymous_2)
FN:219,(anonymous_3)
FN:250,(anonymous_4)
FN:269,(anonymous_5)
FN:288,(anonymous_6)
FN:307,(anonymous_7)
FN:406,(anonymous_8)
FN:447,(anonymous_9)
FN:478,(anonymous_10)
FN:484,(anonymous_11)
FN:484,(anonymous_12)
FN:503,(anonymous_13)
FN:548,(anonymous_14)
FNF:15
FNH:0
FNDA:0,(anonymous_0)
FNDA:0,(anonymous_1)
FNDA:0,(anonymous_2)
FNDA:0,(anonymous_3)
FNDA:0,(anonymous_4)
FNDA:0,(anonymous_5)
FNDA:0,(anonymous_6)
FNDA:0,(anonymous_7)
FNDA:0,(anonymous_8)
FNDA:0,(anonymous_9)
FNDA:0,(anonymous_10)
FNDA:0,(anonymous_11)
FNDA:0,(anonymous_12)
FNDA:0,(anonymous_13)
FNDA:0,(anonymous_14)
DA:1,0
DA:2,0
DA:3,0
DA:4,0
DA:5,0
DA:6,0
DA:7,0
DA:12,0
DA:13,0
DA:14,0
DA:17,0
DA:18,0
DA:19,0
DA:22,0
DA:23,0
DA:24,0
DA:28,0
DA:32,0
DA:33,0
DA:34,0
DA:38,0
DA:43,0
DA:44,0
DA:45,0
DA:48,0
DA:51,0
DA:67,0
DA:68,0
DA:70,0
DA:71,0
DA:72,0
DA:76,0
DA:77,0
DA:79,0
DA:89,0
DA:90,0
DA:91,0
DA:100,0
DA:101,0
DA:104,0
DA:107,0
DA:111,0
DA:117,0
DA:124,0
DA:125,0
DA:126,0
DA:127,0
DA:130,0
DA:131,0
DA:132,0
DA:133,0
DA:137,0
DA:138,0
DA:141,0
DA:142,0
DA:145,0
DA:146,0
DA:150,0
DA:151,0
DA:154,0
DA:160,0
DA:161,0
DA:162,0
DA:163,0
DA:164,0
DA:167,0
DA:168,0
DA:172,0
DA:173,0
DA:174,0
DA:179,0
DA:180,0
DA:181,0
DA:187,0
DA:188,0
DA:189,0
DA:190,0
DA:206,0
DA:212,0
DA:219,0
DA:220,0
DA:221,0
DA:223,0
DA:227,0
DA:228,0
DA:229,0
DA:233,0
DA:234,0
DA:235,0
DA:238,0
DA:240,0
DA:250,0
DA:262,0
DA:269,0
DA:270,0
DA:271,0
DA:273,0
DA:277,0
DA:278,0
DA:279,0
DA:283,0
DA:284,0
DA:285,0
DA:288,0
DA:290,0
DA:300,0
DA:307,0
DA:308,0
DA:309,0
DA:310,0
DA:312,0
DA:314,0
DA:315,0
DA:316,0
DA:320,0
DA:321,0
DA:322,0
DA:326,0
DA:329,0
DA:330,0
DA:331,0
DA:332,0
DA:333,0
DA:334,0
DA:337,0
DA:338,0
DA:339,0
DA:348,0
DA:349,0
DA:350,0
DA:351,0
DA:355,0
DA:356,0
DA:357,0
DA:358,0
DA:359,0
DA:362,0
DA:363,0
DA:368,0
DA:369,0
DA:370,0
DA:373,0
DA:376,0
DA:379,0
DA:380,0
DA:381,0
DA:389,0
DA:393,0
DA:399,0
DA:406,0
DA:407,0
DA:408,0
DA:409,0
DA:411,0
DA:412,0
DA:413,0
DA:416,0
DA:418,0
DA:419,0
DA:420,0
DA:424,0
DA:425,0
DA:426,0
DA:430,0
DA:432,0
DA:434,0
DA:440,0
DA:447,0
DA:448,0
DA:449,0
DA:450,0
DA:452,0
DA:454,0
DA:455,0
DA:456,0
DA:460,0
DA:461,0
DA:462,0
DA:465,0
DA:467,0
DA:468,0
DA:469,0
DA:473,0
DA:474,0
DA:475,0
DA:478,0
DA:479,0
DA:482,0
DA:483,0
DA:484,0
DA:488,0
DA:490,0
DA:496,0
DA:503,0
DA:504,0
DA:505,0
DA:507,0
DA:509,0
DA:510,0
DA:511,0
DA:515,0
DA:516,0
DA:517,0
DA:520,0
DA:522,0
DA:523,0
DA:524,0
DA:528,0
DA:529,0
DA:530,0
DA:533,0
DA:534,0
DA:536,0
DA:541,0
DA:548,0
DA:549,0
DA:550,0
DA:552,0
DA:554,0
DA:555,0
DA:556,0
DA:560,0
DA:561,0
DA:562,0
DA:565,0
DA:567,0
DA:572,0
DA:576,0
LF:228
LH:0
BRDA:17,0,0,0
BRDA:17,0,1,0
BRDA:22,1,0,0
BRDA:22,1,1,0
BRDA:28,2,0,0
BRDA:28,2,1,0
BRDA:29,3,0,0
BRDA:29,3,1,0
BRDA:29,3,2,0
BRDA:32,4,0,0
BRDA:32,4,1,0
BRDA:43,5,0,0
BRDA:43,5,1,0
BRDA:48,6,0,0
BRDA:48,6,1,0
BRDA:57,7,0,0
BRDA:57,7,1,0
BRDA:59,8,0,0
BRDA:59,8,1,0
BRDA:60,9,0,0
BRDA:60,9,1,0
BRDA:61,10,0,0
BRDA:61,10,1,0
BRDA:62,11,0,0
BRDA:62,11,1,0
BRDA:63,12,0,0
BRDA:63,12,1,0
BRDA:67,13,0,0
BRDA:67,13,1,0
BRDA:67,14,0,0
BRDA:67,14,1,0
BRDA:67,14,2,0
BRDA:71,15,0,0
BRDA:71,15,1,0
BRDA:71,16,0,0
BRDA:71,16,1,0
BRDA:89,17,0,0
BRDA:89,17,1,0
BRDA:100,18,0,0
BRDA:100,18,1,0
BRDA:100,19,0,0
BRDA:100,19,1,0
BRDA:130,20,0,0
BRDA:130,20,1,0
BRDA:132,21,0,0
BRDA:132,21,1,0
BRDA:137,22,0,0
BRDA:137,22,1,0
BRDA:141,23,0,0
BRDA:141,23,1,0
BRDA:145,24,0,0
BRDA:145,24,1,0
BRDA:150,25,0,0
BRDA:150,25,1,0
BRDA:161,26,0,0
BRDA:161,26,1,0
BRDA:163,27,0,0
BRDA:163,27,1,0
BRDA:167,28,0,0
BRDA:167,28,1,0
BRDA:167,29,0,0
BRDA:167,29,1,0
BRDA:173,30,0,0
BRDA:173,30,1,0
BRDA:180,31,0,0
BRDA:180,31,1,0
BRDA:194,32,0,0
BRDA:194,32,1,0
BRDA:227,33,0,0
BRDA:227,33,1,0
BRDA:233,34,0,0
BRDA:233,34,1,0
BRDA:233,35,0,0
BRDA:233,35,1,0
BRDA:246,36,0,0
BRDA:246,36,1,0
BRDA:277,37,0,0
BRDA:277,37,1,0
BRDA:283,38,0,0
BRDA:283,38,1,0
BRDA:283,39,0,0
BRDA:283,39,1,0
BRDA:314,40,0,0
BRDA:314,40,1,0
BRDA:320,41,0,0
BRDA:320,41,1,0
BRDA:320,42,0,0
BRDA:320,42,1,0
BRDA:326,43,0,0
BRDA:326,43,1,0
BRDA:326,44,0,0
BRDA:326,44,1,0
BRDA:329,45,0,0
BRDA:329,45,1,0
BRDA:330,46,0,0
BRDA:330,46,1,0
BRDA:331,47,0,0
BRDA:331,47,1,0
BRDA:332,48,0,0
BRDA:332,48,1,0
BRDA:333,49,0,0
BRDA:333,49,1,0
BRDA:334,50,0,0
BRDA:334,50,1,0
BRDA:337,51,0,0
BRDA:337,51,1,0
BRDA:337,52,0,0
BRDA:337,52,1,0
BRDA:348,53,0,0
BRDA:348,53,1,0
BRDA:350,54,0,0
BRDA:350,54,1,0
BRDA:355,55,0,0
BRDA:355,55,1,0
BRDA:356,56,0,0
BRDA:356,56,1,0
BRDA:357,57,0,0
BRDA:357,57,1,0
BRDA:358,58,0,0
BRDA:358,58,1,0
BRDA:359,59,0,0
BRDA:359,59,1,0
BRDA:362,60,0,0
BRDA:362,60,1,0
BRDA:368,61,0,0
BRDA:368,61,1,0
BRDA:379,62,0,0
BRDA:379,62,1,0
BRDA:379,63,0,0
BRDA:379,63,1,0
BRDA:411,64,0,0
BRDA:411,64,1,0
BRDA:411,65,0,0
BRDA:411,65,1,0
BRDA:418,66,0,0
BRDA:418,66,1,0
BRDA:424,67,0,0
BRDA:424,67,1,0
BRDA:424,68,0,0
BRDA:424,68,1,0
BRDA:454,69,0,0
BRDA:454,69,1,0
BRDA:460,70,0,0
BRDA:460,70,1,0
BRDA:460,71,0,0
BRDA:460,71,1,0
BRDA:467,72,0,0
BRDA:467,72,1,0
BRDA:473,73,0,0
BRDA:473,73,1,0
BRDA:474,74,0,0
BRDA:474,74,1,0
BRDA:475,75,0,0
BRDA:475,75,1,0
BRDA:479,76,0,0
BRDA:479,76,1,0
BRDA:482,77,0,0
BRDA:482,77,1,0
BRDA:509,78,0,0
BRDA:509,78,1,0
BRDA:515,79,0,0
BRDA:515,79,1,0
BRDA:515,80,0,0
BRDA:515,80,1,0
BRDA:522,81,0,0
BRDA:522,81,1,0
BRDA:528,82,0,0
BRDA:528,82,1,0
BRDA:554,83,0,0
BRDA:554,83,1,0
BRDA:560,84,0,0
BRDA:560,84,1,0
BRDA:560,85,0,0
BRDA:560,85,1,0
BRF:174
BRH:0
end_of_record
TN:
SF:controllers/productionController.js
FN:11,(anonymous_0)
FN:71,(anonymous_1)
FN:110,(anonymous_2)
FN:142,(anonymous_3)
FN:170,(anonymous_4)
FNF:5
FNH:0
FNDA:0,(anonymous_0)
FNDA:0,(anonymous_1)
FNDA:0,(anonymous_2)
FNDA:0,(anonymous_3)
FNDA:0,(anonymous_4)
DA:1,0
DA:2,0
DA:3,0
DA:4,0
DA:5,0
DA:11,0
DA:12,0
DA:13,0
DA:16,0
DA:17,0
DA:18,0
DA:20,0
DA:21,0
DA:22,0
DA:24,0
DA:25,0
DA:26,0
DA:30,0
DA:33,0
DA:44,0
DA:57,0
DA:63,0
DA:71,0
DA:72,0
DA:73,0
DA:74,0
DA:76,0
DA:78,0
DA:79,0
DA:82,0
DA:83,0
DA:84,0
DA:85,0
DA:88,0
DA:96,0
DA:102,0
DA:110,0
DA:111,0
DA:112,0
DA:114,0
DA:124,0
DA:125,0
DA:126,0
DA:129,0
DA:134,0
DA:142,0
DA:143,0
DA:144,0
DA:146,0
DA:156,0
DA:162,0
DA:170,0
DA:171,0
DA:172,0
DA:174,0
DA:177,0
DA:178,0
DA:180,0
DA:181,0
DA:182,0
DA:183,0
DA:184,0
DA:185,0
DA:186,0
DA:201,0
DA:207,0
DA:211,0
LF:67
LH:0
BRDA:16,0,0,0
BRDA:16,0,1,0
BRDA:20,1,0,0
BRDA:20,1,1,0
BRDA:20,2,0,0
BRDA:20,2,1,0
BRDA:20,2,2,0
BRDA:24,3,0,0
BRDA:24,3,1,0
BRDA:24,4,0,0
BRDA:24,4,1,0
BRDA:24,4,2,0
BRDA:30,5,0,0
BRDA:30,5,1,0
BRDA:30,6,0,0
BRDA:30,6,1,0
BRDA:73,7,0,0
BRDA:74,8,0,0
BRDA:74,8,1,0
BRDA:74,9,0,0
BRDA:74,9,1,0
BRDA:78,10,0,0
BRDA:78,10,1,0
BRDA:82,11,0,0
BRDA:82,11,1,0
BRDA:82,12,0,0
BRDA:82,12,1,0
BRDA:84,13,0,0
BRDA:84,13,1,0
BRDA:85,14,0,0
BRDA:85,14,1,0
BRDA:112,15,0,0
BRDA:112,15,1,0
BRDA:112,16,0,0
BRDA:112,16,1,0
BRDA:124,17,0,0
BRDA:124,17,1,0
BRDA:172,18,0,0
BRDA:172,18,1,0
BRDA:172,19,0,0
BRDA:172,19,1,0
BRDA:182,20,0,0
BRDA:182,20,1,0
BRDA:182,21,0,0
BRDA:182,21,1,0
BRDA:184,22,0,0
BRDA:184,22,1,0
BRF:47
BRH:0
end_of_record
TN:
SF:controllers/purchaseOrderController.js
FN:12,(anonymous_0)
FN:48,(anonymous_1)
FN:62,(anonymous_2)
FN:100,(anonymous_3)
FN:213,(anonymous_4)
FN:279,(anonymous_5)
FN:327,(anonymous_6)
FN:371,(anonymous_7)
FN:422,(anonymous_8)
FN:473,(anonymous_9)
FN:499,(anonymous_10)
FN:550,(anonymous_11)
FN:600,(anonymous_12)
FN:631,(anonymous_13)
FNF:14
FNH:0
FNDA:0,(anonymous_0)
FNDA:0,(anonymous_1)
FNDA:0,(anonymous_2)
FNDA:0,(anonymous_3)
FNDA:0,(anonymous_4)
FNDA:0,(anonymous_5)
FNDA:0,(anonymous_6)
FNDA:0,(anonymous_7)
FNDA:0,(anonymous_8)
FNDA:0,(anonymous_9)
FNDA:0,(anonymous_10)
FNDA:0,(anonymous_11)
FNDA:0,(anonymous_12)
FNDA:0,(anonymous_13)
DA:1,0
DA:2,0
DA:3,0
DA:4,0
DA:5,0
DA:6,0
DA:7,0
DA:12,0
DA:13,0
DA:14,0
DA:15,0
DA:18,0
DA:19,0
DA:20,0
DA:21,0
DA:25,0
DA:26,0
DA:29,0
DA:30,0
DA:33,0
DA:34,0
DA:39,0
DA:45,0
DA:48,0
DA:55,0
DA:62,0
DA:63,0
DA:64,0
DA:66,0
DA:73,0
DA:74,0
DA:75,0
DA:79,0
DA:80,0
DA:81,0
DA:84,0
DA:93,0
DA:100,0
DA:101,0
DA:105,0
DA:108,0
DA:109,0
DA:110,0
DA:113,0
DA:114,0
DA:115,0
DA:119,0
DA:123,0
DA:124,0
DA:125,0
DA:129,0
DA:134,0
DA:135,0
DA:136,0
DA:140,0
DA:143,0
DA:144,0
DA:145,0
DA:146,0
DA:149,0
DA:150,0
DA:151,0
DA:154,0
DA:164,0
DA:165,0
DA:166,0
DA:169,0
DA:185,0
DA:190,0
DA:200,0
DA:206,0
DA:213,0
DA:214,0
DA:215,0
DA:217,0
DA:219,0
DA:220,0
DA:221,0
DA:225,0
DA:226,0
DA:227,0
DA:231,0
DA:232,0
DA:233,0
DA:236,0
DA:239,0
DA:244,0
DA:245,0
DA:246,0
DA:250,0
DA:252,0
DA:257,0
DA:266,0
DA:272,0
DA:279,0
DA:280,0
DA:281,0
DA:283,0
DA:285,0
DA:286,0
DA:287,0
DA:291,0
DA:292,0
DA:293,0
DA:296,0
DA:298,0
DA:301,0
DA:304,0
DA:314,0
DA:320,0
DA:327,0
DA:328,0
DA:329,0
DA:331,0
DA:333,0
DA:334,0
DA:335,0
DA:339,0
DA:340,0
DA:341,0
DA:344,0
DA:346,0
DA:349,0
DA:358,0
DA:364,0
DA:371,0
DA:372,0
DA:373,0
DA:375,0
DA:377,0
DA:378,0
DA:379,0
DA:383,0
DA:384,0
DA:385,0
DA:388,0
DA:389,0
DA:391,0
DA:392,0
DA:395,0
DA:397,0
DA:400,0
DA:409,0
DA:415,0
DA:422,0
DA:423,0
DA:424,0
DA:425,0
DA:427,0
DA:428,0
DA:429,0
DA:432,0
DA:434,0
DA:435,0
DA:436,0
DA:440,0
DA:441,0
DA:442,0
DA:446,0
DA:447,0
DA:448,0
DA:451,0
DA:453,0
DA:457,0
DA:460,0
DA:471,0
DA:472,0
DA:473,0
DA:474,0
DA:475,0
DA:486,0
DA:492,0
DA:499,0
DA:500,0
DA:501,0
DA:502,0
DA:504,0
DA:505,0
DA:506,0
DA:509,0
DA:511,0
DA:512,0
DA:513,0
DA:517,0
DA:518,0
DA:519,0
DA:522,0
DA:524,0
DA:527,0
DA:537,0
DA:543,0
DA:550,0
DA:551,0
DA:552,0
DA:554,0
DA:557,0
DA:558,0
DA:559,0
DA:563,0
DA:564,0
DA:565,0
DA:568,0
DA:570,0
DA:574,0
DA:577,0
DA:587,0
DA:593,0
DA:600,0
DA:601,0
DA:602,0
DA:605,0
DA:606,0
DA:607,0
DA:608,0
DA:611,0
DA:612,0
DA:613,0
DA:614,0
DA:615,0
DA:616,0
DA:619,0
DA:626,0
DA:631,0
DA:633,0
DA:647,0
DA:651,0
LF:226
LH:0
BRDA:18,0,0,0
BRDA:18,0,1,0
BRDA:20,1,0,0
BRDA:20,1,1,0
BRDA:25,2,0,0
BRDA:25,2,1,0
BRDA:29,3,0,0
BRDA:29,3,1,0
BRDA:33,4,0,0
BRDA:33,4,1,0
BRDA:73,5,0,0
BRDA:73,5,1,0
BRDA:79,6,0,0
BRDA:79,6,1,0
BRDA:79,7,0,0
BRDA:79,7,1,0
BRDA:108,8,0,0
BRDA:108,8,1,0
BRDA:113,9,0,0
BRDA:113,9,1,0
BRDA:113,10,0,0
BRDA:113,10,1,0
BRDA:113,10,2,0
BRDA:119,11,0,0
BRDA:119,11,1,0
BRDA:120,12,0,0
BRDA:120,12,1,0
BRDA:120,12,2,0
BRDA:123,13,0,0
BRDA:123,13,1,0
BRDA:134,14,0,0
BRDA:134,14,1,0
BRDA:145,15,0,0
BRDA:145,15,1,0
BRDA:145,16,0,0
BRDA:145,16,1,0
BRDA:145,16,2,0
BRDA:150,17,0,0
BRDA:150,17,1,0
BRDA:157,18,0,0
BRDA:157,18,1,0
BRDA:158,19,0,0
BRDA:158,19,1,0
BRDA:159,20,0,0
BRDA:159,20,1,0
BRDA:159,21,0,0
BRDA:159,21,1,0
BRDA:164,22,0,0
BRDA:164,22,1,0
BRDA:175,23,0,0
BRDA:175,23,1,0
BRDA:177,24,0,0
BRDA:177,24,1,0
BRDA:178,25,0,0
BRDA:178,25,1,0
BRDA:182,26,0,0
BRDA:182,26,1,0
BRDA:219,27,0,0
BRDA:219,27,1,0
BRDA:225,28,0,0
BRDA:225,28,1,0
BRDA:225,29,0,0
BRDA:225,29,1,0
BRDA:231,30,0,0
BRDA:231,30,1,0
BRDA:236,31,0,0
BRDA:236,31,1,0
BRDA:236,32,0,0
BRDA:236,32,1,0
BRDA:245,33,0,0
BRDA:245,33,1,0
BRDA:285,34,0,0
BRDA:285,34,1,0
BRDA:291,35,0,0
BRDA:291,35,1,0
BRDA:291,36,0,0
BRDA:291,36,1,0
BRDA:301,37,0,0
BRDA:301,37,1,0
BRDA:301,38,0,0
BRDA:301,38,1,0
BRDA:333,39,0,0
BRDA:333,39,1,0
BRDA:339,40,0,0
BRDA:339,40,1,0
BRDA:339,41,0,0
BRDA:339,41,1,0
BRDA:346,42,0,0
BRDA:346,42,1,0
BRDA:346,43,0,0
BRDA:346,43,1,0
BRDA:377,44,0,0
BRDA:377,44,1,0
BRDA:383,45,0,0
BRDA:383,45,1,0
BRDA:383,46,0,0
BRDA:383,46,1,0
BRDA:391,47,0,0
BRDA:391,47,1,0
BRDA:397,48,0,0
BRDA:397,48,1,0
BRDA:397,49,0,0
BRDA:397,49,1,0
BRDA:427,50,0,0
BRDA:427,50,1,0
BRDA:427,51,0,0
BRDA:427,51,1,0
BRDA:427,51,2,0
BRDA:434,52,0,0
BRDA:434,52,1,0
BRDA:440,53,0,0
BRDA:440,53,1,0
BRDA:440,54,0,0
BRDA:440,54,1,0
BRDA:446,55,0,0
BRDA:446,55,1,0
BRDA:457,56,0,0
BRDA:457,56,1,0
BRDA:457,57,0,0
BRDA:457,57,1,0
BRDA:474,58,0,0
BRDA:474,58,1,0
BRDA:504,59,0,0
BRDA:504,59,1,0
BRDA:511,60,0,0
BRDA:511,60,1,0
BRDA:517,61,0,0
BRDA:517,61,1,0
BRDA:517,62,0,0
BRDA:517,62,1,0
BRDA:524,63,0,0
BRDA:524,63,1,0
BRDA:524,64,0,0
BRDA:524,64,1,0
BRDA:557,65,0,0
BRDA:557,65,1,0
BRDA:563,66,0,0
BRDA:563,66,1,0
BRDA:563,67,0,0
BRDA:563,67,1,0
BRDA:574,68,0,0
BRDA:574,68,1,0
BRDA:574,69,0,0
BRDA:574,69,1,0
BRDA:605,70,0,0
BRDA:605,70,1,0
BRDA:607,71,0,0
BRDA:607,71,1,0
BRF:148
BRH:0
end_of_record
TN:
SF:controllers/recipeController.js
FN:13,(anonymous_0)
FN:135,(anonymous_1)
FN:174,(anonymous_2)
FN:206,(anonymous_3)
FN:238,(anonymous_4)
FN:329,(anonymous_5)
FN:348,(anonymous_6)
FN:367,(anonymous_7)
FN:426,(anonymous_8)
FN:457,(anonymous_9)
FN:491,(anonymous_10)
FN:537,(anonymous_11)
FN:557,(anonymous_12)
FN:613,(anonymous_13)
FN:622,(anonymous_14)
FN:623,(anonymous_15)
FN:648,(anonymous_16)
FN:711,(anonymous_17)
FN:734,(anonymous_18)
FNF:19
FNH:0
FNDA:0,(anonymous_0)
FNDA:0,(anonymous_1)
FNDA:0,(anonymous_2)
FNDA:0,(anonymous_3)
FNDA:0,(anonymous_4)
FNDA:0,(anonymous_5)
FNDA:0,(anonymous_6)
FNDA:0,(anonymous_7)
FNDA:0,(anonymous_8)
FNDA:0,(anonymous_9)
FNDA:0,(anonymous_10)
FNDA:0,(anonymous_11)
FNDA:0,(anonymous_12)
FNDA:0,(anonymous_13)
FNDA:0,(anonymous_14)
FNDA:0,(anonymous_15)
FNDA:0,(anonymous_16)
FNDA:0,(anonymous_17)
FNDA:0,(anonymous_18)
DA:1,0
DA:2,0
DA:3,0
DA:4,0
DA:5,0
DA:6,0
DA:7,0
DA:8,0
DA:13,0
DA:14,0
DA:15,0
DA:18,0
DA:19,0
DA:20,0
DA:23,0
DA:24,0
DA:25,0
DA:29,0
DA:32,0
DA:37,0
DA:38,0
DA:39,0
DA:43,0
DA:48,0
DA:49,0
DA:50,0
DA:54,0
DA:55,0
DA:56,0
DA:57,0
DA:58,0
DA:61,0
DA:62,0
DA:63,0
DA:67,0
DA:68,0
DA:69,0
DA:70,0
DA:74,0
DA:75,0
DA:76,0
DA:77,0
DA:81,0
DA:82,0
DA:83,0
DA:84,0
DA:85,0
DA:89,0
DA:99,0
DA:112,0
DA:113,0
DA:115,0
DA:118,0
DA:122,0
DA:128,0
DA:135,0
DA:136,0
DA:137,0
DA:138,0
DA:141,0
DA:142,0
DA:143,0
DA:144,0
DA:148,0
DA:149,0
DA:152,0
DA:153,0
DA:156,0
DA:161,0
DA:167,0
DA:174,0
DA:175,0
DA:176,0
DA:178,0
DA:183,0
DA:184,0
DA:185,0
DA:189,0
DA:190,0
DA:191,0
DA:194,0
DA:199,0
DA:206,0
DA:207,0
DA:208,0
DA:210,0
DA:215,0
DA:216,0
DA:217,0
DA:221,0
DA:222,0
DA:223,0
DA:226,0
DA:231,0
DA:238,0
DA:239,0
DA:240,0
DA:241,0
DA:243,0
DA:245,0
DA:246,0
DA:247,0
DA:251,0
DA:252,0
DA:253,0
DA:257,0
DA:258,0
DA:259,0
DA:260,0
DA:261,0
DA:264,0
DA:265,0
DA:267,0
DA:268,0
DA:269,0
DA:270,0
DA:273,0
DA:274,0
DA:275,0
DA:278,0
DA:279,0
DA:280,0
DA:281,0
DA:284,0
DA:285,0
DA:286,0
DA:287,0
DA:290,0
DA:299,0
DA:300,0
DA:303,0
DA:306,0
DA:307,0
DA:309,0
DA:312,0
DA:316,0
DA:322,0
DA:329,0
DA:330,0
DA:331,0
DA:332,0
DA:334,0
DA:336,0
DA:341,0
DA:348,0
DA:349,0
DA:350,0
DA:351,0
DA:353,0
DA:355,0
DA:360,0
DA:367,0
DA:368,0
DA:369,0
DA:370,0
DA:372,0
DA:373,0
DA:374,0
DA:378,0
DA:380,0
DA:383,0
DA:385,0
DA:386,0
DA:387,0
DA:399,0
DA:405,0
DA:406,0
DA:412,0
DA:419,0
DA:426,0
DA:427,0
DA:428,0
DA:430,0
DA:432,0
DA:433,0
DA:434,0
DA:438,0
DA:439,0
DA:440,0
DA:443,0
DA:445,0
DA:450,0
DA:457,0
DA:458,0
DA:459,0
DA:460,0
DA:462,0
DA:464,0
DA:465,0
DA:466,0
DA:470,0
DA:471,0
DA:472,0
DA:475,0
DA:476,0
DA:478,0
DA:484,0
DA:491,0
DA:492,0
DA:493,0
DA:495,0
DA:497,0
DA:498,0
DA:499,0
DA:500,0
DA:502,0
DA:503,0
DA:505,0
DA:506,0
DA:507,0
DA:508,0
DA:509,0
DA:511,0
DA:512,0
DA:513,0
DA:514,0
DA:516,0
DA:517,0
DA:518,0
DA:523,0
DA:524,0
DA:525,0
DA:527,0
DA:531,0
DA:532,0
DA:533,0
DA:534,0
DA:535,0
DA:537,0
DA:538,0
DA:539,0
DA:544,0
DA:550,0
DA:557,0
DA:558,0
DA:559,0
DA:561,0
DA:564,0
DA:567,0
DA:568,0
DA:569,0
DA:572,0
DA:573,0
DA:574,0
DA:575,0
DA:581,0
DA:584,0
DA:585,0
DA:586,0
DA:587,0
DA:588,0
DA:600,0
DA:606,0
DA:613,0
DA:614,0
DA:615,0
DA:617,0
DA:621,0
DA:622,0
DA:623,0
DA:635,0
DA:641,0
DA:648,0
DA:649,0
DA:650,0
DA:652,0
DA:655,0
DA:658,0
DA:659,0
DA:660,0
DA:663,0
DA:664,0
DA:665,0
DA:666,0
DA:671,0
DA:674,0
DA:675,0
DA:676,0
DA:677,0
DA:678,0
DA:679,0
DA:686,0
DA:687,0
DA:698,0
DA:704,0
DA:711,0
DA:712,0
DA:713,0
DA:714,0
DA:716,0
DA:722,0
DA:727,0
DA:734,0
DA:735,0
DA:736,0
DA:737,0
DA:739,0
DA:741,0
DA:742,0
DA:743,0
DA:744,0
DA:747,0
DA:748,0
DA:749,0
DA:755,0
DA:762,0
DA:763,0
DA:775,0
DA:788,0
DA:792,0
LF:310
LH:0
BRDA:18,0,0,0
BRDA:18,0,1,0
BRDA:18,1,0,0
BRDA:18,1,1,0
BRDA:18,1,2,0
BRDA:18,1,3,0
BRDA:23,2,0,0
BRDA:23,2,1,0
BRDA:23,3,0,0
BRDA:23,3,1,0
BRDA:23,3,2,0
BRDA:29,4,0,0
BRDA:29,4,1,0
BRDA:29,5,0,0
BRDA:29,5,1,0
BRDA:37,6,0,0
BRDA:37,6,1,0
BRDA:48,7,0,0
BRDA:48,7,1,0
BRDA:56,8,0,0
BRDA:56,8,1,0
BRDA:56,9,0,0
BRDA:56,9,1,0
BRDA:56,9,2,0
BRDA:61,10,0,0
BRDA:61,10,1,0
BRDA:68,11,0,0
BRDA:68,11,1,0
BRDA:75,12,0,0
BRDA:75,12,1,0
BRDA:81,13,0,0
BRDA:81,13,1,0
BRDA:83,14,0,0
BRDA:83,14,1,0
BRDA:92,15,0,0
BRDA:92,15,1,0
BRDA:93,16,0,0
BRDA:93,16,1,0
BRDA:106,17,0,0
BRDA:106,17,1,0
BRDA:107,18,0,0
BRDA:107,18,1,0
BRDA:108,19,0,0
BRDA:108,19,1,0
BRDA:141,20,0,0
BRDA:141,20,1,0
BRDA:143,21,0,0
BRDA:143,21,1,0
BRDA:148,22,0,0
BRDA:148,22,1,0
BRDA:152,23,0,0
BRDA:152,23,1,0
BRDA:183,24,0,0
BRDA:183,24,1,0
BRDA:189,25,0,0
BRDA:189,25,1,0
BRDA:189,26,0,0
BRDA:189,26,1,0
BRDA:215,27,0,0
BRDA:215,27,1,0
BRDA:221,28,0,0
BRDA:221,28,1,0
BRDA:221,29,0,0
BRDA:221,29,1,0
BRDA:245,30,0,0
BRDA:245,30,1,0
BRDA:251,31,0,0
BRDA:251,31,1,0
BRDA:251,32,0,0
BRDA:251,32,1,0
BRDA:257,33,0,0
BRDA:257,33,1,0
BRDA:258,34,0,0
BRDA:258,34,1,0
BRDA:259,35,0,0
BRDA:259,35,1,0
BRDA:260,36,0,0
BRDA:260,36,1,0
BRDA:261,37,0,0
BRDA:261,37,1,0
BRDA:264,38,0,0
BRDA:264,38,1,0
BRDA:264,39,0,0
BRDA:264,39,1,0
BRDA:268,40,0,0
BRDA:268,40,1,0
BRDA:268,41,0,0
BRDA:268,41,1,0
BRDA:268,41,2,0
BRDA:273,42,0,0
BRDA:273,42,1,0
BRDA:279,43,0,0
BRDA:279,43,1,0
BRDA:285,44,0,0
BRDA:285,44,1,0
BRDA:293,45,0,0
BRDA:293,45,1,0
BRDA:294,46,0,0
BRDA:294,46,1,0
BRDA:300,47,0,0
BRDA:300,47,1,0
BRDA:353,48,0,0
BRDA:353,48,1,0
BRDA:372,49,0,0
BRDA:372,49,1,0
BRDA:372,50,0,0
BRDA:372,50,1,0
BRDA:378,51,0,0
BRDA:378,51,1,0
BRDA:378,52,0,0
BRDA:378,52,1,0
BRDA:385,53,0,0
BRDA:385,53,1,0
BRDA:385,54,0,0
BRDA:385,54,1,0
BRDA:405,55,0,0
BRDA:405,55,1,0
BRDA:432,56,0,0
BRDA:432,56,1,0
BRDA:438,57,0,0
BRDA:438,57,1,0
BRDA:438,58,0,0
BRDA:438,58,1,0
BRDA:464,59,0,0
BRDA:464,59,1,0
BRDA:470,60,0,0
BRDA:470,60,1,0
BRDA:470,61,0,0
BRDA:470,61,1,0
BRDA:480,62,0,0
BRDA:480,62,1,0
BRDA:497,63,0,0
BRDA:497,63,1,0
BRDA:498,64,0,0
BRDA:498,64,1,0
BRDA:499,65,0,0
BRDA:499,65,1,0
BRDA:500,66,0,0
BRDA:500,66,1,0
BRDA:502,67,0,0
BRDA:502,67,1,0
BRDA:502,68,0,0
BRDA:502,68,1,0
BRDA:502,68,2,0
BRDA:507,69,0,0
BRDA:507,69,1,0
BRDA:508,70,0,0
BRDA:508,70,1,0
BRDA:508,71,0,0
BRDA:508,71,1,0
BRDA:509,72,0,0
BRDA:509,72,1,0
BRDA:511,73,0,0
BRDA:511,73,1,0
BRDA:513,74,0,0
BRDA:513,74,1,0
BRDA:517,75,0,0
BRDA:517,75,1,0
BRDA:524,76,0,0
BRDA:524,76,1,0
BRDA:524,77,0,0
BRDA:524,77,1,0
BRDA:527,78,0,0
BRDA:527,78,1,0
BRDA:531,79,0,0
BRDA:531,79,1,0
BRDA:532,80,0,0
BRDA:532,80,1,0
BRDA:532,81,0,0
BRDA:532,81,1,0
BRDA:534,82,0,0
BRDA:534,82,1,0
BRDA:538,83,0,0
BRDA:538,83,1,0
BRDA:544,84,0,0
BRDA:544,84,1,0
BRDA:559,85,0,0
BRDA:559,85,1,0
BRDA:559,86,0,0
BRDA:559,86,1,0
BRDA:574,87,0,0
BRDA:574,87,1,0
BRDA:574,88,0,0
BRDA:574,88,1,0
BRDA:585,89,0,0
BRDA:585,89,1,0
BRDA:587,90,0,0
BRDA:587,90,1,0
BRDA:615,91,0,0
BRDA:615,91,1,0
BRDA:615,92,0,0
BRDA:615,92,1,0
BRDA:622,93,0,0
BRDA:622,93,1,0
BRDA:631,94,0,0
BRDA:631,94,1,0
BRDA:650,95,0,0
BRDA:650,95,1,0
BRDA:650,96,0,0
BRDA:650,96,1,0
BRDA:665,97,0,0
BRDA:665,97,1,0
BRDA:665,98,0,0
BRDA:665,98,1,0
BRDA:675,99,0,0
BRDA:675,99,1,0
BRDA:678,100,0,0
BRDA:678,100,1,0
BRDA:686,101,0,0
BRDA:686,101,1,0
BRDA:718,102,0,0
BRDA:718,102,1,0
BRDA:739,103,0,0
BRDA:739,103,1,0
BRDA:739,104,0,0
BRDA:739,104,1,0
BRDA:742,105,0,0
BRDA:742,105,1,0
BRDA:747,106,0,0
BRDA:747,106,1,0
BRDA:748,107,0,0
BRDA:748,107,1,0
BRDA:762,108,0,0
BRDA:762,108,1,0
BRDA:784,109,0,0
BRDA:784,109,1,0
BRF:226
BRH:0
end_of_record
TN:
SF:controllers/roleController.js
FN:9,(anonymous_0)
FN:60,(anonymous_1)
FN:99,(anonymous_2)
FN:128,(anonymous_3)
FN:175,(anonymous_4)
FN:215,(anonymous_5)
FN:262,(anonymous_6)
FN:315,(anonymous_7)
FNF:8
FNH:0
FNDA:0,(anonymous_0)
FNDA:0,(anonymous_1)
FNDA:0,(anonymous_2)
FNDA:0,(anonymous_3)
FNDA:0,(anonymous_4)
FNDA:0,(anonymous_5)
FNDA:0,(anonymous_6)
FNDA:0,(anonymous_7)
DA:1,0
DA:2,0
DA:3,0
DA:9,0
DA:10,0
DA:17,0
DA:19,0
DA:20,0
DA:21,0
DA:25,0
DA:30,0
DA:31,0
DA:32,0
DA:36,0
DA:38,0
DA:47,0
DA:53,0
DA:60,0
DA:61,0
DA:62,0
DA:63,0
DA:66,0
DA:67,0
DA:71,0
DA:73,0
DA:76,0
DA:79,0
DA:80,0
DA:83,0
DA:86,0
DA:92,0
DA:99,0
DA:100,0
DA:101,0
DA:103,0
DA:105,0
DA:106,0
DA:107,0
DA:111,0
DA:112,0
DA:113,0
DA:116,0
DA:121,0
DA:128,0
DA:129,0
DA:130,0
DA:131,0
DA:133,0
DA:135,0
DA:136,0
DA:137,0
DA:141,0
DA:142,0
DA:143,0
DA:147,0
DA:148,0
DA:149,0
DA:153,0
DA:154,0
DA:156,0
DA:162,0
DA:168,0
DA:175,0
DA:176,0
DA:177,0
DA:178,0
DA:180,0
DA:182,0
DA:183,0
DA:184,0
DA:188,0
DA:189,0
DA:190,0
DA:194,0
DA:195,0
DA:196,0
DA:199,0
DA:200,0
DA:202,0
DA:208,0
DA:215,0
DA:216,0
DA:217,0
DA:219,0
DA:221,0
DA:222,0
DA:223,0
DA:227,0
DA:228,0
DA:229,0
DA:233,0
DA:234,0
DA:235,0
DA:239,0
DA:240,0
DA:241,0
DA:245,0
DA:248,0
DA:250,0
DA:255,0
DA:262,0
DA:263,0
DA:264,0
DA:265,0
DA:267,0
DA:269,0
DA:270,0
DA:271,0
DA:275,0
DA:276,0
DA:277,0
DA:280,0
DA:283,0
DA:288,0
DA:289,0
DA:290,0
DA:293,0
DA:302,0
DA:308,0
DA:315,0
DA:316,0
DA:383,0
DA:384,0
DA:385,0
DA:386,0
DA:394,0
LF:126
LH:0
BRDA:19,0,0,0
BRDA:19,0,1,0
BRDA:26,1,0,0
BRDA:26,1,1,0
BRDA:30,2,0,0
BRDA:30,2,1,0
BRDA:36,3,0,0
BRDA:36,3,1,0
BRDA:36,4,0,0
BRDA:36,4,1,0
BRDA:42,5,0,0
BRDA:42,5,1,0
BRDA:43,6,0,0
BRDA:43,6,1,0
BRDA:44,7,0,0
BRDA:44,7,1,0
BRDA:66,8,0,0
BRDA:66,8,1,0
BRDA:71,9,0,0
BRDA:71,9,1,0
BRDA:73,10,0,0
BRDA:73,10,1,0
BRDA:79,11,0,0
BRDA:79,11,1,0
BRDA:105,12,0,0
BRDA:105,12,1,0
BRDA:111,13,0,0
BRDA:111,13,1,0
BRDA:111,14,0,0
BRDA:111,14,1,0
BRDA:111,14,2,0
BRDA:135,15,0,0
BRDA:135,15,1,0
BRDA:141,16,0,0
BRDA:141,16,1,0
BRDA:141,17,0,0
BRDA:141,17,1,0
BRDA:141,17,2,0
BRDA:147,18,0,0
BRDA:147,18,1,0
BRDA:182,19,0,0
BRDA:182,19,1,0
BRDA:188,20,0,0
BRDA:188,20,1,0
BRDA:188,21,0,0
BRDA:188,21,1,0
BRDA:188,21,2,0
BRDA:194,22,0,0
BRDA:194,22,1,0
BRDA:204,23,0,0
BRDA:204,23,1,0
BRDA:221,24,0,0
BRDA:221,24,1,0
BRDA:227,25,0,0
BRDA:227,25,1,0
BRDA:227,26,0,0
BRDA:227,26,1,0
BRDA:227,26,2,0
BRDA:233,27,0,0
BRDA:233,27,1,0
BRDA:240,28,0,0
BRDA:240,28,1,0
BRDA:269,29,0,0
BRDA:269,29,1,0
BRDA:275,30,0,0
BRDA:275,30,1,0
BRDA:275,31,0,0
BRDA:275,31,1,0
BRDA:275,31,2,0
BRDA:280,32,0,0
BRDA:280,32,1,0
BRDA:288,33,0,0
BRDA:288,33,1,0
BRDA:315,34,0,0
BRDA:385,35,0,0
BRDA:385,35,1,0
BRF:76
BRH:0
end_of_record
TN:
SF:controllers/stockController.js
FN:13,(anonymous_0)
FN:25,(anonymous_1)
FN:45,(anonymous_2)
FN:66,(anonymous_3)
FN:80,(anonymous_4)
FN:159,(anonymous_5)
FN:260,(anonymous_6)
FN:322,(anonymous_7)
FN:404,(anonymous_8)
FN:448,(anonymous_9)
FN:474,(anonymous_10)
FN:500,(anonymous_11)
FN:526,(anonymous_12)
FN:553,(anonymous_13)
FN:572,(anonymous_14)
FNF:15
FNH:0
FNDA:0,(anonymous_0)
FNDA:0,(anonymous_1)
FNDA:0,(anonymous_2)
FNDA:0,(anonymous_3)
FNDA:0,(anonymous_4)
FNDA:0,(anonymous_5)
FNDA:0,(anonymous_6)
FNDA:0,(anonymous_7)
FNDA:0,(anonymous_8)
FNDA:0,(anonymous_9)
FNDA:0,(anonymous_10)
FNDA:0,(anonymous_11)
FNDA:0,(anonymous_12)
FNDA:0,(anonymous_13)
FNDA:0,(anonymous_14)
DA:1,0
DA:2,0
DA:3,0
DA:4,0
DA:5,0
DA:6,0
DA:7,0
DA:8,0
DA:13,0
DA:14,0
DA:15,0
DA:16,0
DA:17,0
DA:19,0
DA:25,0
DA:26,0
DA:27,0
DA:28,0
DA:31,0
DA:32,0
DA:33,0
DA:34,0
DA:38,0
DA:39,0
DA:40,0
DA:45,0
DA:49,0
DA:50,0
DA:53,0
DA:54,0
DA:57,0
DA:63,0
DA:66,0
DA:73,0
DA:80,0
DA:81,0
DA:82,0
DA:84,0
DA:85,0
DA:86,0
DA:90,0
DA:94,0
DA:95,0
DA:96,0
DA:100,0
DA:103,0
DA:104,0
DA:105,0
DA:106,0
DA:110,0
DA:116,0
DA:117,0
DA:130,0
DA:131,0
DA:132,0
DA:133,0
DA:134,0
DA:136,0
DA:138,0
DA:142,0
DA:152,0
DA:159,0
DA:160,0
DA:161,0
DA:164,0
DA:165,0
DA:166,0
DA:170,0
DA:174,0
DA:175,0
DA:176,0
DA:180,0
DA:183,0
DA:189,0
DA:190,0
DA:191,0
DA:192,0
DA:193,0
DA:196,0
DA:209,0
DA:224,0
DA:225,0
DA:226,0
DA:228,0
DA:229,0
DA:231,0
DA:234,0
DA:235,0
DA:244,0
DA:253,0
DA:260,0
DA:261,0
DA:262,0
DA:265,0
DA:266,0
DA:267,0
DA:271,0
DA:275,0
DA:276,0
DA:277,0
DA:281,0
DA:284,0
DA:296,0
DA:297,0
DA:306,0
DA:315,0
DA:322,0
DA:323,0
DA:324,0
DA:327,0
DA:328,0
DA:329,0
DA:333,0
DA:337,0
DA:338,0
DA:339,0
DA:343,0
DA:346,0
DA:352,0
DA:353,0
DA:354,0
DA:358,0
DA:372,0
DA:373,0
DA:376,0
DA:377,0
DA:387,0
DA:397,0
DA:404,0
DA:405,0
DA:406,0
DA:407,0
DA:410,0
DA:411,0
DA:412,0
DA:413,0
DA:417,0
DA:418,0
DA:421,0
DA:422,0
DA:425,0
DA:435,0
DA:441,0
DA:448,0
DA:449,0
DA:450,0
DA:453,0
DA:455,0
DA:461,0
DA:467,0
DA:474,0
DA:475,0
DA:477,0
DA:479,0
DA:482,0
DA:483,0
DA:484,0
DA:487,0
DA:493,0
DA:500,0
DA:501,0
DA:502,0
DA:504,0
DA:506,0
DA:507,0
DA:508,0
DA:511,0
DA:513,0
DA:519,0
DA:526,0
DA:527,0
DA:528,0
DA:529,0
DA:531,0
DA:533,0
DA:534,0
DA:535,0
DA:538,0
DA:540,0
DA:546,0
DA:553,0
DA:554,0
DA:556,0
DA:558,0
DA:560,0
DA:565,0
DA:572,0
DA:573,0
DA:575,0
DA:577,0
DA:579,0
DA:585,0
DA:589,0
LF:193
LH:0
BRDA:16,0,0,0
BRDA:16,0,1,0
BRDA:31,1,0,0
BRDA:31,1,1,0
BRDA:33,2,0,0
BRDA:33,2,1,0
BRDA:38,3,0,0
BRDA:38,3,1,0
BRDA:49,4,0,0
BRDA:49,4,1,0
BRDA:53,5,0,0
BRDA:53,5,1,0
BRDA:84,6,0,0
BRDA:84,6,1,0
BRDA:90,7,0,0
BRDA:90,7,1,0
BRDA:91,8,0,0
BRDA:91,8,1,0
BRDA:91,8,2,0
BRDA:94,9,0,0
BRDA:94,9,1,0
BRDA:104,10,0,0
BRDA:104,10,1,0
BRDA:116,11,0,0
BRDA:116,11,1,0
BRDA:124,12,0,0
BRDA:124,12,1,0
BRDA:125,13,0,0
BRDA:125,13,1,0
BRDA:130,14,0,0
BRDA:130,14,1,0
BRDA:131,15,0,0
BRDA:131,15,1,0
BRDA:132,16,0,0
BRDA:132,16,1,0
BRDA:133,17,0,0
BRDA:133,17,1,0
BRDA:134,18,0,0
BRDA:134,18,1,0
BRDA:164,19,0,0
BRDA:164,19,1,0
BRDA:164,20,0,0
BRDA:164,20,1,0
BRDA:164,20,2,0
BRDA:170,21,0,0
BRDA:170,21,1,0
BRDA:171,22,0,0
BRDA:171,22,1,0
BRDA:171,22,2,0
BRDA:174,23,0,0
BRDA:174,23,1,0
BRDA:189,24,0,0
BRDA:189,24,1,0
BRDA:191,25,0,0
BRDA:191,25,1,0
BRDA:215,26,0,0
BRDA:215,26,1,0
BRDA:224,27,0,0
BRDA:224,27,1,0
BRDA:228,28,0,0
BRDA:228,28,1,0
BRDA:265,29,0,0
BRDA:265,29,1,0
BRDA:265,30,0,0
BRDA:265,30,1,0
BRDA:265,30,2,0
BRDA:271,31,0,0
BRDA:271,31,1,0
BRDA:272,32,0,0
BRDA:272,32,1,0
BRDA:272,32,2,0
BRDA:275,33,0,0
BRDA:275,33,1,0
BRDA:291,34,0,0
BRDA:291,34,1,0
BRDA:327,35,0,0
BRDA:327,35,1,0
BRDA:327,36,0,0
BRDA:327,36,1,0
BRDA:333,37,0,0
BRDA:333,37,1,0
BRDA:334,38,0,0
BRDA:334,38,1,0
BRDA:334,38,2,0
BRDA:337,39,0,0
BRDA:337,39,1,0
BRDA:352,40,0,0
BRDA:352,40,1,0
BRDA:367,41,0,0
BRDA:367,41,1,0
BRDA:410,42,0,0
BRDA:410,42,1,0
BRDA:412,43,0,0
BRDA:412,43,1,0
BRDA:417,44,0,0
BRDA:417,44,1,0
BRDA:421,45,0,0
BRDA:421,45,1,0
BRDA:433,46,0,0
BRDA:433,46,1,0
BRDA:453,47,0,0
BRDA:453,47,1,0
BRDA:453,48,0,0
BRDA:453,48,1,0
BRDA:477,49,0,0
BRDA:477,49,1,0
BRDA:477,50,0,0
BRDA:477,50,1,0
BRDA:506,51,0,0
BRDA:506,51,1,0
BRDA:533,52,0,0
BRDA:533,52,1,0
BRDA:556,53,0,0
BRDA:556,53,1,0
BRDA:556,54,0,0
BRDA:556,54,1,0
BRDA:575,55,0,0
BRDA:575,55,1,0
BRDA:575,56,0,0
BRDA:575,56,1,0
BRF:120
BRH:0
end_of_record
TN:
SF:controllers/stockPolicyController.js
FN:9,(anonymous_0)
FN:82,(anonymous_1)
FN:123,(anonymous_2)
FN:179,(anonymous_3)
FNF:4
FNH:0
FNDA:0,(anonymous_0)
FNDA:0,(anonymous_1)
FNDA:0,(anonymous_2)
FNDA:0,(anonymous_3)
DA:1,0
DA:2,0
DA:3,0
DA:4,0
DA:9,0
DA:10,0
DA:11,0
DA:13,0
DA:14,0
DA:15,0
DA:17,0
DA:18,0
DA:19,0
DA:23,0
DA:24,0
DA:25,0
DA:26,0
DA:28,0
DA:29,0
DA:30,0
DA:33,0
DA:34,0
DA:35,0
DA:36,0
DA:39,0
DA:53,0
DA:66,0
DA:72,0
DA:73,0
DA:75,0
DA:82,0
DA:83,0
DA:84,0
DA:86,0
DA:87,0
DA:89,0
DA:90,0
DA:91,0
DA:92,0
DA:94,0
DA:96,0
DA:99,0
DA:100,0
DA:101,0
DA:103,0
DA:110,0
DA:116,0
DA:123,0
DA:124,0
DA:125,0
DA:126,0
DA:127,0
DA:128,0
DA:131,0
DA:133,0
DA:135,0
DA:136,0
DA:137,0
DA:138,0
DA:139,0
DA:140,0
DA:141,0
DA:143,0
DA:146,0
DA:160,0
DA:166,0
DA:172,0
DA:179,0
DA:180,0
DA:181,0
DA:182,0
DA:183,0
DA:184,0
DA:187,0
DA:188,0
DA:191,0
DA:203,0
DA:209,0
DA:213,0
LF:79
LH:0
BRDA:13,0,0,0
BRDA:13,0,1,0
BRDA:13,1,0,0
BRDA:13,1,1,0
BRDA:13,1,2,0
BRDA:17,2,0,0
BRDA:17,2,1,0
BRDA:17,3,0,0
BRDA:17,3,1,0
BRDA:17,3,2,0
BRDA:17,3,3,0
BRDA:24,4,0,0
BRDA:24,4,1,0
BRDA:28,5,0,0
BRDA:28,5,1,0
BRDA:33,6,0,0
BRDA:33,6,1,0
BRDA:33,7,0,0
BRDA:33,7,1,0
BRDA:34,8,0,0
BRDA:34,8,1,0
BRDA:34,9,0,0
BRDA:34,9,1,0
BRDA:47,10,0,0
BRDA:47,10,1,0
BRDA:48,11,0,0
BRDA:48,11,1,0
BRDA:72,12,0,0
BRDA:72,12,1,0
BRDA:86,13,0,0
BRDA:86,13,1,0
BRDA:86,14,0,0
BRDA:86,14,1,0
BRDA:89,15,0,0
BRDA:89,15,1,0
BRDA:90,16,0,0
BRDA:90,16,1,0
BRDA:90,17,0,0
BRDA:90,17,1,0
BRDA:99,18,0,0
BRDA:99,18,1,0
BRDA:100,19,0,0
BRDA:100,19,1,0
BRDA:101,20,0,0
BRDA:101,20,1,0
BRDA:126,21,0,0
BRDA:126,21,1,0
BRDA:135,22,0,0
BRDA:135,22,1,0
BRDA:136,23,0,0
BRDA:136,23,1,0
BRDA:137,24,0,0
BRDA:137,24,1,0
BRDA:138,25,0,0
BRDA:138,25,1,0
BRDA:139,26,0,0
BRDA:139,26,1,0
BRDA:140,27,0,0
BRDA:140,27,1,0
BRDA:141,28,0,0
BRDA:141,28,1,0
BRDA:182,29,0,0
BRDA:182,29,1,0
BRF:63
BRH:0
end_of_record
TN:
SF:controllers/storeController.js
FN:7,(anonymous_0)
FN:46,(anonymous_1)
FN:79,(anonymous_2)
FN:102,(anonymous_3)
FN:136,(anonymous_4)
FN:165,(anonymous_5)
FNF:6
FNH:0
FNDA:0,(anonymous_0)
FNDA:0,(anonymous_1)
FNDA:0,(anonymous_2)
FNDA:0,(anonymous_3)
FNDA:0,(anonymous_4)
FNDA:0,(anonymous_5)
DA:1,0
DA:2,0
DA:7,0
DA:8,0
DA:9,0
DA:11,0
DA:12,0
DA:13,0
DA:17,0
DA:18,0
DA:19,0
DA:20,0
DA:23,0
DA:33,0
DA:39,0
DA:46,0
DA:47,0
DA:48,0
DA:49,0
DA:51,0
DA:52,0
DA:55,0
DA:56,0
DA:60,0
DA:61,0
DA:64,0
DA:66,0
DA:72,0
DA:79,0
DA:80,0
DA:81,0
DA:83,0
DA:85,0
DA:86,0
DA:87,0
DA:90,0
DA:95,0
DA:102,0
DA:103,0
DA:104,0
DA:105,0
DA:108,0
DA:109,0
DA:110,0
DA:112,0
DA:118,0
DA:119,0
DA:120,0
DA:123,0
DA:129,0
DA:136,0
DA:137,0
DA:138,0
DA:139,0
DA:141,0
DA:147,0
DA:148,0
DA:149,0
DA:152,0
DA:158,0
DA:165,0
DA:166,0
DA:167,0
DA:168,0
DA:169,0
DA:172,0
DA:174,0
DA:175,0
DA:176,0
DA:179,0
DA:195,0
DA:199,0
LF:72
LH:0
BRDA:11,0,0,0
BRDA:11,0,1,0
BRDA:11,1,0,0
BRDA:11,1,1,0
BRDA:11,1,2,0
BRDA:11,1,3,0
BRDA:18,2,0,0
BRDA:18,2,1,0
BRDA:29,3,0,0
BRDA:29,3,1,0
BRDA:30,4,0,0
BRDA:30,4,1,0
BRDA:51,5,0,0
BRDA:51,5,1,0
BRDA:55,6,0,0
BRDA:55,6,1,0
BRDA:60,7,0,0
BRDA:60,7,1,0
BRDA:60,8,0,0
BRDA:60,8,1,0
BRDA:85,9,0,0
BRDA:85,9,1,0
BRDA:118,10,0,0
BRDA:118,10,1,0
BRDA:147,11,0,0
BRDA:147,11,1,0
BRDA:154,12,0,0
BRDA:154,12,1,0
BRDA:167,13,0,0
BRDA:167,13,1,0
BRDA:167,14,0,0
BRDA:167,14,1,0
BRDA:174,15,0,0
BRDA:174,15,1,0
BRF:34
BRH:0
end_of_record
TN:
SF:controllers/subscriptionController.js
FN:11,(anonymous_0)
FN:26,(anonymous_1)
FN:41,(anonymous_2)
FN:64,(anonymous_3)
FN:106,(anonymous_4)
FN:175,(anonymous_5)
FN:249,(anonymous_6)
FN:294,(anonymous_7)
FN:336,(anonymous_8)
FN:370,(anonymous_9)
FN:397,(anonymous_10)
FN:465,(anonymous_11)
FN:475,(anonymous_12)
FN:478,(anonymous_13)
FN:504,(anonymous_14)
FNF:15
FNH:0
FNDA:0,(anonymous_0)
FNDA:0,(anonymous_1)
FNDA:0,(anonymous_2)
FNDA:0,(anonymous_3)
FNDA:0,(anonymous_4)
FNDA:0,(anonymous_5)
FNDA:0,(anonymous_6)
FNDA:0,(anonymous_7)
FNDA:0,(anonymous_8)
FNDA:0,(anonymous_9)
FNDA:0,(anonymous_10)
FNDA:0,(anonymous_11)
FNDA:0,(anonymous_12)
FNDA:0,(anonymous_13)
FNDA:0,(anonymous_14)
DA:1,0
DA:2,0
DA:3,0
DA:4,0
DA:5,0
DA:6,0
DA:11,0
DA:12,0
DA:13,0
DA:15,0
DA:17,0
DA:18,0
DA:21,0
DA:23,0
DA:26,0
DA:34,0
DA:41,0
DA:42,0
DA:43,0
DA:45,0
DA:47,0
DA:48,0
DA:49,0
DA:52,0
DA:57,0
DA:64,0
DA:65,0
DA:67,0
DA:69,0
DA:71,0
DA:72,0
DA:80,0
DA:83,0
DA:86,0
DA:88,0
DA:99,0
DA:106,0
DA:107,0
DA:108,0
DA:110,0
DA:111,0
DA:112,0
DA:116,0
DA:119,0
DA:124,0
DA:125,0
DA:126,0
DA:130,0
DA:132,0
DA:133,0
DA:134,0
DA:137,0
DA:138,0
DA:139,0
DA:143,0
DA:144,0
DA:147,0
DA:150,0
DA:162,0
DA:168,0
DA:175,0
DA:176,0
DA:177,0
DA:179,0
DA:180,0
DA:181,0
DA:185,0
DA:187,0
DA:189,0
DA:190,0
DA:191,0
DA:195,0
DA:197,0
DA:198,0
DA:199,0
DA:203,0
DA:204,0
DA:207,0
DA:208,0
DA:209,0
DA:211,0
DA:213,0
DA:214,0
DA:215,0
DA:220,0
DA:223,0
DA:236,0
DA:242,0
DA:249,0
DA:250,0
DA:251,0
DA:254,0
DA:256,0
DA:258,0
DA:259,0
DA:260,0
DA:263,0
DA:264,0
DA:265,0
DA:268,0
DA:271,0
DA:281,0
DA:287,0
DA:294,0
DA:295,0
DA:297,0
DA:299,0
DA:301,0
DA:302,0
DA:303,0
DA:306,0
DA:307,0
DA:308,0
DA:311,0
DA:314,0
DA:323,0
DA:329,0
DA:336,0
DA:337,0
DA:339,0
DA:341,0
DA:343,0
DA:344,0
DA:345,0
DA:349,0
DA:352,0
DA:354,0
DA:363,0
DA:370,0
DA:371,0
DA:373,0
DA:375,0
DA:379,0
DA:380,0
DA:381,0
DA:384,0
DA:390,0
DA:397,0
DA:398,0
DA:400,0
DA:401,0
DA:402,0
DA:406,0
DA:416,0
DA:439,0
DA:452,0
DA:458,0
DA:459,0
DA:464,0
DA:465,0
DA:466,0
DA:469,0
DA:471,0
DA:475,0
DA:478,0
DA:497,0
DA:504,0
DA:505,0
DA:507,0
DA:508,0
DA:509,0
DA:512,0
DA:600,0
DA:601,0
DA:602,0
DA:607,0
DA:610,0
DA:616,0
DA:620,0
LF:169
LH:0
BRDA:17,0,0,0
BRDA:17,0,1,0
BRDA:17,1,0,0
BRDA:17,1,1,0
BRDA:47,2,0,0
BRDA:47,2,1,0
BRDA:67,3,0,0
BRDA:67,3,1,0
BRDA:67,4,0,0
BRDA:67,4,1,0
BRDA:71,5,0,0
BRDA:71,5,1,0
BRDA:110,6,0,0
BRDA:110,6,1,0
BRDA:116,7,0,0
BRDA:116,7,1,0
BRDA:116,8,0,0
BRDA:116,8,1,0
BRDA:124,9,0,0
BRDA:124,9,1,0
BRDA:132,10,0,0
BRDA:132,10,1,0
BRDA:137,11,0,0
BRDA:137,11,1,0
BRDA:143,12,0,0
BRDA:143,12,1,0
BRDA:179,13,0,0
BRDA:179,13,1,0
BRDA:185,14,0,0
BRDA:185,14,1,0
BRDA:185,15,0,0
BRDA:185,15,1,0
BRDA:189,16,0,0
BRDA:189,16,1,0
BRDA:197,17,0,0
BRDA:197,17,1,0
BRDA:211,18,0,0
BRDA:211,18,1,0
BRDA:215,19,0,0
BRDA:215,19,1,0
BRDA:238,20,0,0
BRDA:238,20,1,0
BRDA:238,21,0,0
BRDA:238,21,1,0
BRDA:254,22,0,0
BRDA:254,22,1,0
BRDA:254,23,0,0
BRDA:254,23,1,0
BRDA:258,24,0,0
BRDA:258,24,1,0
BRDA:263,25,0,0
BRDA:263,25,1,0
BRDA:263,26,0,0
BRDA:263,26,1,0
BRDA:297,27,0,0
BRDA:297,27,1,0
BRDA:297,28,0,0
BRDA:297,28,1,0
BRDA:301,29,0,0
BRDA:301,29,1,0
BRDA:306,30,0,0
BRDA:306,30,1,0
BRDA:306,31,0,0
BRDA:306,31,1,0
BRDA:339,32,0,0
BRDA:339,32,1,0
BRDA:339,33,0,0
BRDA:339,33,1,0
BRDA:343,34,0,0
BRDA:343,34,1,0
BRDA:373,35,0,0
BRDA:373,35,1,0
BRDA:373,36,0,0
BRDA:373,36,1,0
BRDA:379,37,0,0
BRDA:379,37,1,0
BRDA:386,38,0,0
BRDA:386,38,1,0
BRDA:387,39,0,0
BRDA:387,39,1,0
BRDA:400,40,0,0
BRDA:400,40,1,0
BRDA:469,41,0,0
BRDA:469,41,1,0
BRDA:507,42,0,0
BRDA:507,42,1,0
BRF:86
BRH:0
end_of_record
TN:
SF:controllers/supplierController.js
FN:8,(anonymous_0)
FN:53,(anonymous_1)
FN:82,(anonymous_2)
FN:153,(anonymous_3)
FN:222,(anonymous_4)
FN:269,(anonymous_5)
FN:319,(anonymous_6)
FN:351,(anonymous_7)
FNF:8
FNH:0
FNDA:0,(anonymous_0)
FNDA:0,(anonymous_1)
FNDA:0,(anonymous_2)
FNDA:0,(anonymous_3)
FNDA:0,(anonymous_4)
FNDA:0,(anonymous_5)
FNDA:0,(anonymous_6)
FNDA:0,(anonymous_7)
DA:1,0
DA:2,0
DA:3,0
DA:8,0
DA:9,0
DA:10,0
DA:11,0
DA:14,0
DA:15,0
DA:16,0
DA:17,0
DA:21,0
DA:22,0
DA:25,0
DA:26,0
DA:29,0
DA:30,0
DA:37,0
DA:40,0
DA:46,0
DA:53,0
DA:54,0
DA:55,0
DA:57,0
DA:59,0
DA:60,0
DA:61,0
DA:65,0
DA:66,0
DA:67,0
DA:70,0
DA:75,0
DA:82,0
DA:83,0
DA:87,0
DA:90,0
DA:91,0
DA:92,0
DA:96,0
DA:100,0
DA:101,0
DA:102,0
DA:106,0
DA:107,0
DA:112,0
DA:113,0
DA:114,0
DA:118,0
DA:133,0
DA:140,0
DA:146,0
DA:153,0
DA:154,0
DA:155,0
DA:157,0
DA:159,0
DA:160,0
DA:161,0
DA:165,0
DA:166,0
DA:167,0
DA:170,0
DA:173,0
DA:174,0
DA:180,0
DA:181,0
DA:182,0
DA:187,0
DA:193,0
DA:194,0
DA:195,0
DA:199,0
DA:202,0
DA:209,0
DA:215,0
DA:222,0
DA:223,0
DA:224,0
DA:225,0
DA:227,0
DA:229,0
DA:230,0
DA:231,0
DA:235,0
DA:236,0
DA:237,0
DA:240,0
DA:241,0
DA:243,0
DA:246,0
DA:256,0
DA:262,0
DA:269,0
DA:270,0
DA:271,0
DA:273,0
DA:275,0
DA:276,0
DA:277,0
DA:281,0
DA:282,0
DA:283,0
DA:287,0
DA:288,0
DA:290,0
DA:291,0
DA:292,0
DA:295,0
DA:297,0
DA:300,0
DA:307,0
DA:312,0
DA:319,0
DA:320,0
DA:321,0
DA:323,0
DA:325,0
DA:326,0
DA:327,0
DA:331,0
DA:332,0
DA:333,0
DA:336,0
DA:339,0
DA:340,0
DA:346,0
DA:351,0
DA:353,0
DA:363,0
DA:367,0
LF:130
LH:0
BRDA:14,0,0,0
BRDA:14,0,1,0
BRDA:16,1,0,0
BRDA:16,1,1,0
BRDA:21,2,0,0
BRDA:21,2,1,0
BRDA:25,3,0,0
BRDA:25,3,1,0
BRDA:29,4,0,0
BRDA:29,4,1,0
BRDA:59,5,0,0
BRDA:59,5,1,0
BRDA:65,6,0,0
BRDA:65,6,1,0
BRDA:65,7,0,0
BRDA:65,7,1,0
BRDA:90,8,0,0
BRDA:90,8,1,0
BRDA:96,9,0,0
BRDA:96,9,1,0
BRDA:97,10,0,0
BRDA:97,10,1,0
BRDA:97,10,2,0
BRDA:100,11,0,0
BRDA:100,11,1,0
BRDA:106,12,0,0
BRDA:106,12,1,0
BRDA:112,13,0,0
BRDA:112,13,1,0
BRDA:159,14,0,0
BRDA:159,14,1,0
BRDA:165,15,0,0
BRDA:165,15,1,0
BRDA:165,16,0,0
BRDA:165,16,1,0
BRDA:170,17,0,0
BRDA:170,17,1,0
BRDA:170,18,0,0
BRDA:170,18,1,0
BRDA:173,19,0,0
BRDA:173,19,1,0
BRDA:173,20,0,0
BRDA:173,20,1,0
BRDA:180,21,0,0
BRDA:180,21,1,0
BRDA:194,22,0,0
BRDA:194,22,1,0
BRDA:229,23,0,0
BRDA:229,23,1,0
BRDA:235,24,0,0
BRDA:235,24,1,0
BRDA:235,25,0,0
BRDA:235,25,1,0
BRDA:243,26,0,0
BRDA:243,26,1,0
BRDA:243,27,0,0
BRDA:243,27,1,0
BRDA:258,28,0,0
BRDA:258,28,1,0
BRDA:275,29,0,0
BRDA:275,29,1,0
BRDA:281,30,0,0
BRDA:281,30,1,0
BRDA:281,31,0,0
BRDA:281,31,1,0
BRDA:290,32,0,0
BRDA:290,32,1,0
BRDA:297,33,0,0
BRDA:297,33,1,0
BRDA:297,34,0,0
BRDA:297,34,1,0
BRDA:325,35,0,0
BRDA:325,35,1,0
BRDA:331,36,0,0
BRDA:331,36,1,0
BRDA:331,37,0,0
BRDA:331,37,1,0
BRDA:359,38,0,0
BRDA:359,38,1,0
BRF:79
BRH:0
end_of_record
TN:
SF:controllers/tableController.js
FN:11,(anonymous_0)
FN:16,(anonymous_1)
FN:47,(anonymous_2)
FN:60,(anonymous_3)
FN:95,(anonymous_4)
FN:128,(anonymous_5)
FN:133,(anonymous_6)
FN:148,(anonymous_7)
FN:149,(anonymous_8)
FN:158,(anonymous_9)
FN:171,(anonymous_10)
FN:230,(anonymous_11)
FN:313,(anonymous_12)
FNF:13
FNH:0
FNDA:0,(anonymous_0)
FNDA:0,(anonymous_1)
FNDA:0,(anonymous_2)
FNDA:0,(anonymous_3)
FNDA:0,(anonymous_4)
FNDA:0,(anonymous_5)
FNDA:0,(anonymous_6)
FNDA:0,(anonymous_7)
FNDA:0,(anonymous_8)
FNDA:0,(anonymous_9)
FNDA:0,(anonymous_10)
FNDA:0,(anonymous_11)
FNDA:0,(anonymous_12)
DA:1,0
DA:2,0
DA:3,0
DA:4,0
DA:5,0
DA:6,0
DA:11,0
DA:12,0
DA:13,0
DA:16,0
DA:17,0
DA:18,0
DA:19,0
DA:20,0
DA:21,0
DA:25,0
DA:27,0
DA:28,0
DA:29,0
DA:33,0
DA:38,0
DA:39,0
DA:43,0
DA:47,0
DA:48,0
DA:50,0
DA:54,0
DA:56,0
DA:60,0
DA:61,0
DA:62,0
DA:63,0
DA:65,0
DA:66,0
DA:67,0
DA:71,0
DA:77,0
DA:78,0
DA:79,0
DA:82,0
DA:85,0
DA:95,0
DA:96,0
DA:97,0
DA:98,0
DA:99,0
DA:101,0
DA:102,0
DA:103,0
DA:107,0
DA:108,0
DA:109,0
DA:110,0
DA:114,0
DA:121,0
DA:122,0
DA:123,0
DA:127,0
DA:128,0
DA:130,0
DA:132,0
DA:133,0
DA:134,0
DA:136,0
DA:140,0
DA:143,0
DA:144,0
DA:148,0
DA:149,0
DA:152,0
DA:153,0
DA:154,0
DA:158,0
DA:159,0
DA:168,0
DA:171,0
DA:172,0
DA:184,0
DA:187,0
DA:188,0
DA:189,0
DA:192,0
DA:193,0
DA:200,0
DA:201,0
DA:204,0
DA:220,0
DA:230,0
DA:231,0
DA:232,0
DA:233,0
DA:235,0
DA:236,0
DA:237,0
DA:240,0
DA:241,0
DA:242,0
DA:243,0
DA:247,0
DA:256,0
DA:257,0
DA:258,0
DA:259,0
DA:262,0
DA:268,0
DA:272,0
DA:273,0
DA:274,0
DA:275,0
DA:276,0
DA:277,0
DA:278,0
DA:280,0
DA:281,0
DA:282,0
DA:283,0
DA:284,0
DA:286,0
DA:287,0
DA:289,0
DA:290,0
DA:292,0
DA:297,0
DA:298,0
DA:299,0
DA:300,0
DA:301,0
DA:304,0
DA:313,0
DA:338,0
DA:342,0
LF:131
LH:0
BRDA:12,0,0,0
BRDA:12,0,1,0
BRDA:13,1,0,0
BRDA:13,1,1,0
BRDA:19,2,0,0
BRDA:19,2,1,0
BRDA:27,3,0,0
BRDA:27,3,1,0
BRDA:36,4,0,0
BRDA:36,4,1,0
BRDA:65,5,0,0
BRDA:65,5,1,0
BRDA:77,6,0,0
BRDA:77,6,1,0
BRDA:99,7,0,0
BRDA:99,7,1,0
BRDA:101,8,0,0
BRDA:101,8,1,0
BRDA:108,9,0,0
BRDA:108,9,1,0
BRDA:121,10,0,0
BRDA:121,10,1,0
BRDA:128,11,0,0
BRDA:128,11,1,0
BRDA:132,12,0,0
BRDA:132,12,1,0
BRDA:132,13,0,0
BRDA:132,13,1,0
BRDA:134,14,0,0
BRDA:134,14,1,0
BRDA:143,15,0,0
BRDA:143,15,1,0
BRDA:143,16,0,0
BRDA:143,16,1,0
BRDA:144,17,0,0
BRDA:144,17,1,0
BRDA:148,18,0,0
BRDA:148,18,1,0
BRDA:149,19,0,0
BRDA:149,19,1,0
BRDA:152,20,0,0
BRDA:152,20,1,0
BRDA:162,21,0,0
BRDA:162,21,1,0
BRDA:162,22,0,0
BRDA:162,22,1,0
BRDA:162,22,2,0
BRDA:164,23,0,0
BRDA:164,23,1,0
BRDA:165,24,0,0
BRDA:165,24,1,0
BRDA:175,25,0,0
BRDA:175,25,1,0
BRDA:176,26,0,0
BRDA:176,26,1,0
BRDA:178,27,0,0
BRDA:178,27,1,0
BRDA:178,27,2,0
BRDA:233,28,0,0
BRDA:233,28,1,0
BRDA:235,29,0,0
BRDA:235,29,1,0
BRDA:241,30,0,0
BRDA:241,30,1,0
BRDA:256,31,0,0
BRDA:256,31,1,0
BRDA:256,32,0,0
BRDA:256,32,1,0
BRDA:281,33,0,0
BRDA:281,33,1,0
BRDA:282,34,0,0
BRDA:282,34,1,0
BRDA:283,35,0,0
BRDA:283,35,1,0
BRDA:284,36,0,0
BRDA:284,36,1,0
BRDA:286,37,0,0
BRDA:286,37,1,0
BRDA:289,38,0,0
BRDA:289,38,1,0
BRDA:298,39,0,0
BRDA:298,39,1,0
BRDA:298,40,0,0
BRDA:298,40,1,0
BRDA:300,41,0,0
BRDA:300,41,1,0
BRDA:300,42,0,0
BRDA:300,42,1,0
BRF:88
BRH:0
end_of_record
TN:
SF:controllers/transferController.js
FN:10,(anonymous_0)
FN:104,(anonymous_1)
FN:135,(anonymous_2)
FN:163,(anonymous_3)
FNF:4
FNH:0
FNDA:0,(anonymous_0)
FNDA:0,(anonymous_1)
FNDA:0,(anonymous_2)
FNDA:0,(anonymous_3)
DA:1,0
DA:2,0
DA:3,0
DA:4,0
DA:5,0
DA:10,0
DA:11,0
DA:12,0
DA:15,0
DA:16,0
DA:17,0
DA:20,0
DA:21,0
DA:22,0
DA:26,0
DA:30,0
DA:31,0
DA:32,0
DA:36,0
DA:48,0
DA:49,0
DA:58,0
DA:67,0
DA:77,0
DA:88,0
DA:94,0
DA:95,0
DA:97,0
DA:104,0
DA:105,0
DA:106,0
DA:108,0
DA:109,0
DA:110,0
DA:114,0
DA:116,0
DA:123,0
DA:128,0
DA:135,0
DA:136,0
DA:137,0
DA:140,0
DA:142,0
DA:150,0
DA:156,0
DA:163,0
DA:164,0
DA:165,0
DA:168,0
DA:170,0
DA:175,0
DA:176,0
DA:179,0
DA:182,0
DA:188,0
DA:192,0
LF:56
LH:0
BRDA:15,0,0,0
BRDA:15,0,1,0
BRDA:15,1,0,0
BRDA:15,1,1,0
BRDA:15,1,2,0
BRDA:15,1,3,0
BRDA:20,2,0,0
BRDA:20,2,1,0
BRDA:26,3,0,0
BRDA:26,3,1,0
BRDA:27,4,0,0
BRDA:27,4,1,0
BRDA:27,4,2,0
BRDA:30,5,0,0
BRDA:30,5,1,0
BRDA:43,6,0,0
BRDA:43,6,1,0
BRDA:85,7,0,0
BRDA:85,7,1,0
BRDA:85,8,0,0
BRDA:85,8,1,0
BRDA:85,9,0,0
BRDA:85,9,1,0
BRDA:85,10,0,0
BRDA:85,10,1,0
BRDA:94,11,0,0
BRDA:94,11,1,0
BRDA:94,12,0,0
BRDA:94,12,1,0
BRDA:108,13,0,0
BRDA:108,13,1,0
BRDA:108,14,0,0
BRDA:108,14,1,0
BRDA:108,14,2,0
BRDA:114,15,0,0
BRDA:114,15,1,0
BRDA:114,16,0,0
BRDA:114,16,1,0
BRDA:140,17,0,0
BRDA:140,17,1,0
BRDA:140,18,0,0
BRDA:140,18,1,0
BRDA:147,19,0,0
BRDA:147,19,1,0
BRDA:168,20,0,0
BRDA:168,20,1,0
BRDA:168,21,0,0
BRDA:168,21,1,0
BRDA:175,22,0,0
BRDA:175,22,1,0
BRF:50
BRH:0
end_of_record
TN:
SF:controllers/userController.js
FN:10,(anonymous_0)
FN:102,(anonymous_1)
FN:149,(anonymous_2)
FN:167,(anonymous_3)
FN:214,(anonymous_4)
FNF:5
FNH:0
FNDA:0,(anonymous_0)
FNDA:0,(anonymous_1)
FNDA:0,(anonymous_2)
FNDA:0,(anonymous_3)
FNDA:0,(anonymous_4)
DA:1,0
DA:2,0
DA:3,0
DA:4,0
DA:5,0
DA:6,0
DA:7,0
DA:8,0
DA:10,0
DA:11,0
DA:12,0
DA:14,0
DA:15,0
DA:16,0
DA:20,0
DA:21,0
DA:22,0
DA:23,0
DA:24,0
DA:26,0
DA:32,0
DA:33,0
DA:34,0
DA:38,0
DA:39,0
DA:40,0
DA:41,0
DA:45,0
DA:47,0
DA:49,0
DA:50,0
DA:52,0
DA:54,0
DA:58,0
DA:59,0
DA:60,0
DA:62,0
DA:65,0
DA:69,0
DA:73,0
DA:74,0
DA:78,0
DA:88,0
DA:91,0
DA:93,0
DA:97,0
DA:102,0
DA:104,0
DA:106,0
DA:108,0
DA:109,0
DA:110,0
DA:113,0
DA:114,0
DA:115,0
DA:116,0
DA:119,0
DA:120,0
DA:121,0
DA:122,0
DA:126,0
DA:127,0
DA:130,0
DA:140,0
DA:148,0
DA:149,0
DA:151,0
DA:162,0
DA:167,0
DA:168,0
DA:170,0
DA:173,0
DA:177,0
DA:178,0
DA:179,0
DA:180,0
DA:181,0
DA:182,0
DA:187,0
DA:189,0
DA:190,0
DA:199,0
DA:207,0
DA:210,0
DA:214,0
DA:215,0
DA:217,0
DA:218,0
DA:221,0
DA:228,0
LF:90
LH:0
BRDA:14,0,0,0
BRDA:14,0,1,0
BRDA:14,1,0,0
BRDA:14,1,1,0
BRDA:14,1,2,0
BRDA:14,1,3,0
BRDA:21,2,0,0
BRDA:21,2,1,0
BRDA:22,3,0,0
BRDA:22,3,1,0
BRDA:32,4,0,0
BRDA:32,4,1,0
BRDA:39,5,0,0
BRDA:39,5,1,0
BRDA:47,6,0,0
BRDA:47,6,1,0
BRDA:50,7,0,0
BRDA:50,7,1,0
BRDA:52,8,0,0
BRDA:52,8,1,0
BRDA:58,9,0,0
BRDA:58,9,1,0
BRDA:73,10,0,0
BRDA:73,10,1,0
BRDA:83,11,0,0
BRDA:83,11,1,0
BRDA:85,12,0,0
BRDA:85,12,1,0
BRDA:108,13,0,0
BRDA:108,13,1,0
BRDA:108,14,0,0
BRDA:108,14,1,0
BRDA:114,15,0,0
BRDA:114,15,1,0
BRDA:120,16,0,0
BRDA:120,16,1,0
BRDA:143,17,0,0
BRDA:143,17,1,0
BRDA:177,18,0,0
BRDA:177,18,1,0
[...]
FNDA:0,(anonymous_2)
FNDA:0,(anonymous_3)
FNDA:0,(anonymous_4)
FNDA:0,(anonymous_5)
FNDA:0,(anonymous_6)
DA:1,0
DA:3,0
DA:105,0
DA:106,0
DA:109,0
DA:110,0
DA:111,0
DA:113,0
DA:117,0
DA:118,0
DA:125,0
DA:126,0
DA:127,0
DA:131,0
DA:132,0
DA:133,0
DA:134,0
DA:143,0
DA:144,0
DA:148,0
DA:149,0
DA:152,0
LF:22
LH:0
BRDA:110,0,0,0
BRDA:110,0,1,0
BRDA:110,1,0,0
BRDA:110,1,1,0
BRDA:127,2,0,0
BRDA:127,2,1,0
BRDA:131,3,0,0
BRDA:133,4,0,0
BRDA:133,4,1,0
BRF:9
BRH:0
end_of_record
TN:
SF:models/productModel.js
FN:121,(anonymous_0)
FN:126,(anonymous_1)
FN:131,(anonymous_2)
FN:135,(anonymous_3)
FN:140,(anonymous_4)
FN:142,(anonymous_5)
FN:144,(anonymous_6)
FN:148,(anonymous_7)
FN:149,(anonymous_8)
FN:164,(anonymous_9)
FN:170,(anonymous_10)
FN:186,(anonymous_11)
FN:187,(anonymous_12)
FN:191,(anonymous_13)
FN:192,(anonymous_14)
FN:193,(anonymous_15)
FN:198,(anonymous_16)
FNF:17
FNH:0
FNDA:0,(anonymous_0)
FNDA:0,(anonymous_1)
FNDA:0,(anonymous_2)
FNDA:0,(anonymous_3)
FNDA:0,(anonymous_4)
FNDA:0,(anonymous_5)
FNDA:0,(anonymous_6)
FNDA:0,(anonymous_7)
FNDA:0,(anonymous_8)
FNDA:0,(anonymous_9)
FNDA:0,(anonymous_10)
FNDA:0,(anonymous_11)
FNDA:0,(anonymous_12)
FNDA:0,(anonymous_13)
FNDA:0,(anonymous_14)
FNDA:0,(anonymous_15)
FNDA:0,(anonymous_16)
DA:1,0
DA:2,0
DA:5,0
DA:33,0
DA:116,0
DA:117,0
DA:121,0
DA:122,0
DA:123,0
DA:126,0
DA:127,0
DA:128,0
DA:131,0
DA:135,0
DA:136,0
DA:140,0
DA:141,0
DA:142,0
DA:143,0
DA:144,0
DA:148,0
DA:149,0
DA:157,0
DA:158,0
DA:160,0
DA:164,0
DA:165,0
DA:168,0
DA:169,0
DA:170,0
DA:171,0
DA:172,0
DA:175,0
DA:181,0
DA:182,0
DA:186,0
DA:187,0
DA:191,0
DA:192,0
DA:193,0
DA:194,0
DA:198,0
DA:200,0
DA:201,0
DA:202,0
DA:204,0
DA:205,0
DA:207,0
DA:208,0
DA:213,0
DA:214,0
DA:215,0
DA:216,0
DA:220,0
DA:221,0
DA:222,0
DA:223,0
DA:227,0
DA:228,0
DA:229,0
DA:230,0
DA:233,0
DA:236,0
LF:63
LH:0
BRDA:122,0,0,0
BRDA:122,0,1,0
BRDA:122,1,0,0
BRDA:122,1,1,0
BRDA:127,2,0,0
BRDA:127,2,1,0
BRDA:136,3,0,0
BRDA:136,3,1,0
BRDA:141,4,0,0
BRDA:141,4,1,0
BRDA:141,5,0,0
BRDA:141,5,1,0
BRDA:143,6,0,0
BRDA:143,6,1,0
BRDA:158,7,0,0
BRDA:158,7,1,0
BRDA:200,8,0,0
BRDA:200,8,1,0
BRDA:201,9,0,0
BRDA:201,9,1,0
BRDA:204,10,0,0
BRDA:204,10,1,0
BRDA:204,11,0,0
BRDA:204,11,1,0
BRDA:207,12,0,0
BRDA:207,12,1,0
BRDA:213,13,0,0
BRDA:213,13,1,0
BRDA:220,14,0,0
BRDA:220,14,1,0
BRDA:227,15,0,0
BRDA:227,15,1,0
BRF:32
BRH:0
end_of_record
TN:
SF:models/productionBatchModel.js
FN:93,(anonymous_0)
FN:104,(anonymous_1)
FN:155,(anonymous_2)
FN:160,(anonymous_3)
FN:169,(anonymous_4)
FN:185,(anonymous_5)
FNF:6
FNH:0
FNDA:0,(anonymous_0)
FNDA:0,(anonymous_1)
FNDA:0,(anonymous_2)
FNDA:0,(anonymous_3)
FNDA:0,(anonymous_4)
FNDA:0,(anonymous_5)
DA:1,0
DA:2,0
DA:6,0
DA:28,0
DA:62,0
DA:94,0
DA:105,0
DA:150,0
DA:151,0
DA:155,0
DA:156,0
DA:157,0
DA:160,0
DA:161,0
DA:162,0
DA:164,0
DA:169,0
DA:170,0
DA:171,0
DA:172,0
DA:173,0
DA:174,0
DA:175,0
DA:177,0
DA:185,0
DA:186,0
DA:196,0
LF:27
LH:0
BRDA:161,0,0,0
BRDA:161,0,1,0
BRDA:169,1,0,0
BRDA:170,2,0,0
BRDA:172,3,0,0
BRDA:172,3,1,0
BRDA:172,4,0,0
BRDA:172,4,1,0
BRDA:174,5,0,0
BRDA:174,5,1,0
BRDA:175,6,0,0
BRDA:175,6,1,0
BRF:12
BRH:0
end_of_record
TN:
SF:models/purchaseOrderModel.js
FN:151,(anonymous_0)
FN:158,(anonymous_1)
FN:159,(anonymous_2)
FN:165,(anonymous_3)
FN:167,(anonymous_4)
FN:178,(anonymous_5)
FN:179,(anonymous_6)
FN:180,(anonymous_7)
FN:195,(anonymous_8)
FN:196,(anonymous_9)
FN:218,(anonymous_10)
FN:219,(anonymous_11)
FN:227,(anonymous_12)
FN:241,(anonymous_13)
FN:252,(anonymous_14)
FN:258,(anonymous_15)
FN:326,(anonymous_16)
FN:338,(anonymous_17)
FN:374,(anonymous_18)
FNF:19
FNH:0
FNDA:0,(anonymous_0)
FNDA:0,(anonymous_1)
FNDA:0,(anonymous_2)
FNDA:0,(anonymous_3)
FNDA:0,(anonymous_4)
FNDA:0,(anonymous_5)
FNDA:0,(anonymous_6)
FNDA:0,(anonymous_7)
FNDA:0,(anonymous_8)
FNDA:0,(anonymous_9)
FNDA:0,(anonymous_10)
FNDA:0,(anonymous_11)
FNDA:0,(anonymous_12)
FNDA:0,(anonymous_13)
FNDA:0,(anonymous_14)
FNDA:0,(anonymous_15)
FNDA:0,(anonymous_16)
FNDA:0,(anonymous_17)
FNDA:0,(anonymous_18)
DA:1,0
DA:2,0
DA:4,0
DA:146,0
DA:147,0
DA:148,0
DA:151,0
DA:152,0
DA:158,0
DA:159,0
DA:160,0
DA:165,0
DA:167,0
DA:168,0
DA:172,0
DA:174,0
DA:178,0
DA:179,0
DA:180,0
DA:182,0
DA:183,0
DA:184,0
DA:185,0
DA:186,0
DA:188,0
DA:191,0
DA:195,0
DA:196,0
DA:197,0
DA:200,0
DA:201,0
DA:202,0
DA:203,0
DA:205,0
DA:214,0
DA:218,0
DA:219,0
DA:220,0
DA:221,0
DA:223,0
DA:227,0
DA:228,0
DA:229,0
DA:231,0
DA:232,0
DA:235,0
DA:236,0
DA:237,0
DA:241,0
DA:242,0
DA:243,0
DA:246,0
DA:247,0
DA:248,0
DA:252,0
DA:253,0
DA:254,0
DA:256,0
DA:257,0
DA:258,0
DA:259,0
DA:260,0
DA:263,0
DA:266,0
DA:267,0
DA:269,0
DA:274,0
DA:275,0
DA:276,0
DA:285,0
DA:288,0
DA:289,0
DA:290,0
DA:291,0
DA:292,0
DA:295,0
DA:312,0
DA:313,0
DA:315,0
DA:316,0
DA:318,0
DA:319,0
DA:321,0
DA:326,0
DA:327,0
DA:328,0
DA:331,0
DA:332,0
DA:333,0
DA:334,0
DA:338,0
DA:339,0
DA:340,0
DA:342,0
DA:343,0
DA:346,0
DA:347,0
DA:348,0
DA:351,0
DA:353,0
DA:370,0
DA:374,0
DA:375,0
DA:377,0
DA:378,0
DA:380,0
DA:381,0
DA:384,0
DA:391,0
LF:109
LH:0
BRDA:152,0,0,0
BRDA:152,0,1,0
BRDA:152,0,2,0
BRDA:182,1,0,0
BRDA:182,1,1,0
BRDA:184,2,0,0
BRDA:184,2,1,0
BRDA:200,3,0,0
BRDA:200,3,1,0
BRDA:220,4,0,0
BRDA:220,4,1,0
BRDA:228,5,0,0
BRDA:228,5,1,0
BRDA:228,6,0,0
BRDA:228,6,1,0
BRDA:231,7,0,0
BRDA:231,7,1,0
BRDA:242,8,0,0
BRDA:242,8,1,0
BRDA:259,9,0,0
BRDA:259,9,1,0
BRDA:263,10,0,0
BRDA:263,10,1,0
BRDA:274,11,0,0
BRDA:274,11,1,0
BRDA:282,12,0,0
BRDA:282,12,1,0
BRDA:327,13,0,0
BRDA:327,13,1,0
BRDA:342,14,0,0
BRDA:342,14,1,0
BRDA:347,15,0,0
BRDA:347,15,1,0
BRDA:360,16,0,0
BRDA:360,16,1,0
BRDA:361,17,0,0
BRDA:361,17,1,0
BRDA:374,18,0,0
BRDA:377,19,0,0
BRDA:377,19,1,0
BRDA:380,20,0,0
BRDA:380,20,1,0
BRF:42
BRH:0
end_of_record
TN:
SF:models/recipeModel.js
FN:77,(anonymous_0)
FN:138,(anonymous_1)
FN:158,(anonymous_2)
FN:163,(anonymous_3)
FN:205,(anonymous_4)
FN:228,(anonymous_5)
FNF:6
FNH:0
FNDA:0,(anonymous_0)
FNDA:0,(anonymous_1)
FNDA:0,(anonymous_2)
FNDA:0,(anonymous_3)
FNDA:0,(anonymous_4)
FNDA:0,(anonymous_5)
DA:1,0
DA:2,0
DA:5,0
DA:37,0
DA:78,0
DA:132,0
DA:133,0
DA:134,0
DA:135,0
DA:138,0
DA:139,0
DA:140,0
DA:141,0
DA:142,0
DA:143,0
DA:144,0
DA:145,0
DA:147,0
DA:149,0
DA:150,0
DA:154,0
DA:158,0
DA:159,0
DA:163,0
DA:164,0
DA:165,0
DA:167,0
DA:168,0
DA:170,0
DA:171,0
DA:172,0
DA:175,0
DA:176,0
DA:177,0
DA:178,0
DA:179,0
DA:182,0
DA:183,0
DA:185,0
DA:196,0
DA:205,0
DA:206,0
DA:208,0
DA:209,0
DA:217,0
DA:218,0
DA:221,0
DA:224,0
DA:228,0
DA:229,0
DA:230,0
DA:235,0
DA:236,0
DA:238,0
DA:243,0
DA:252,0
DA:253,0
DA:256,0
DA:257,0
DA:262,0
DA:263,0
DA:267,0
DA:270,0
DA:273,0
LF:64
LH:0
BRDA:139,0,0,0
BRDA:139,0,1,0
BRDA:139,1,0,0
BRDA:139,1,1,0
BRDA:143,2,0,0
BRDA:143,2,1,0
BRDA:144,3,0,0
BRDA:144,3,1,0
BRDA:149,4,0,0
BRDA:149,4,1,0
BRDA:149,5,0,0
BRDA:149,5,1,0
BRDA:163,6,0,0
BRDA:165,7,0,0
BRDA:165,7,1,0
BRDA:176,8,0,0
BRDA:176,8,1,0
BRDA:176,9,0,0
BRDA:176,9,1,0
BRDA:178,10,0,0
BRDA:178,10,1,0
BRDA:217,11,0,0
BRDA:217,11,1,0
BRDA:228,12,0,0
BRDA:245,13,0,0
BRDA:245,13,1,0
BRDA:247,14,0,0
BRDA:247,14,1,0
BRDA:248,15,0,0
BRDA:248,15,1,0
BRDA:252,16,0,0
BRDA:252,16,1,0
BRDA:256,17,0,0
BRDA:256,17,1,0
BRDA:262,18,0,0
BRDA:262,18,1,0
BRDA:263,19,0,0
BRDA:263,19,1,0
BRF:38
BRH:0
end_of_record
TN:
SF:models/roleModel.js
FN:117,(anonymous_0)
FN:124,(anonymous_1)
FN:133,(anonymous_2)
FN:134,(anonymous_3)
FN:138,(anonymous_4)
FN:139,(anonymous_5)
FNF:6
FNH:0
FNDA:0,(anonymous_0)
FNDA:0,(anonymous_1)
FNDA:0,(anonymous_2)
FNDA:0,(anonymous_3)
FNDA:0,(anonymous_4)
FNDA:0,(anonymous_5)
DA:1,0
DA:2,0
DA:10,0
DA:112,0
DA:113,0
DA:114,0
DA:117,0
DA:119,0
DA:120,0
DA:124,0
DA:125,0
DA:126,0
DA:129,0
DA:133,0
DA:134,0
DA:138,0
DA:139,0
DA:142,0
LF:18
LH:0
BRDA:119,0,0,0
BRDA:119,0,1,0
BRDA:119,1,0,0
BRDA:119,1,1,0
BRDA:125,2,0,0
BRDA:125,2,1,0
BRDA:126,3,0,0
BRDA:126,3,1,0
BRF:8
BRH:0
end_of_record
TN:
SF:models/sessionLogModel.js
FNF:0
FNH:0
DA:1,0
DA:2,0
DA:4,0
DA:40,0
DA:41,0
DA:42,0
LF:6
LH:0
BRF:0
BRH:0
end_of_record
TN:
SF:models/stockAlertModel.js
FN:74,(anonymous_0)
FN:121,(anonymous_1)
FN:141,(anonymous_2)
FN:148,(anonymous_3)
FNF:4
FNH:0
FNDA:0,(anonymous_0)
FNDA:0,(anonymous_1)
FNDA:0,(anonymous_2)
FNDA:0,(anonymous_3)
DA:1,0
DA:2,0
DA:4,0
DA:70,0
DA:71,0
DA:74,0
DA:75,0
DA:76,0
DA:79,0
DA:86,0
DA:88,0
DA:89,0
DA:91,0
DA:97,0
DA:98,0
DA:99,0
DA:102,0
DA:112,0
DA:117,0
DA:121,0
DA:122,0
DA:124,0
DA:125,0
DA:127,0
DA:128,0
DA:130,0
DA:131,0
DA:134,0
DA:141,0
DA:142,0
DA:143,0
DA:144,0
DA:148,0
DA:149,0
DA:150,0
DA:151,0
DA:152,0
DA:153,0
DA:155,0
DA:156,0
DA:159,0
LF:41
LH:0
BRDA:89,0,0,0
BRDA:89,0,1,0
BRDA:97,1,0,0
BRDA:97,1,1,0
BRDA:98,2,0,0
BRDA:98,2,1,0
BRDA:99,3,0,0
BRDA:99,3,1,0
BRDA:100,4,0,0
BRDA:100,4,1,0
BRDA:121,5,0,0
BRDA:124,6,0,0
BRDA:124,6,1,0
BRDA:127,7,0,0
BRDA:127,7,1,0
BRDA:130,8,0,0
BRDA:130,8,1,0
BRDA:148,9,0,0
BRDA:152,10,0,0
BRDA:152,10,1,0
BRF:20
BRH:0
end_of_record
TN:
SF:models/stockBalanceModel.js
FN:82,(anonymous_0)
FN:87,(anonymous_1)
FN:92,(anonymous_2)
FN:98,(anonymous_3)
FN:109,(anonymous_4)
FN:119,(anonymous_5)
FN:129,(anonymous_6)
FNF:7
FNH:0
FNDA:0,(anonymous_0)
FNDA:0,(anonymous_1)
FNDA:0,(anonymous_2)
FNDA:0,(anonymous_3)
FNDA:0,(anonymous_4)
FNDA:0,(anonymous_5)
FNDA:0,(anonymous_6)
DA:1,0
DA:2,0
DA:4,0
DA:76,0
DA:77,0
DA:78,0
DA:79,0
DA:82,0
DA:83,0
DA:87,0
DA:88,0
DA:92,0
DA:93,0
DA:94,0
DA:98,0
DA:99,0
DA:100,0
DA:101,0
DA:102,0
DA:104,0
DA:105,0
DA:109,0
DA:110,0
DA:111,0
DA:113,0
DA:114,0
DA:115,0
DA:119,0
DA:120,0
DA:121,0
DA:123,0
DA:124,0
DA:125,0
DA:129,0
DA:130,0
DA:131,0
DA:132,0
DA:135,0
LF:38
LH:0
BRDA:98,0,0,0
BRDA:100,1,0,0
BRDA:100,1,1,0
BRDA:109,2,0,0
BRDA:110,3,0,0
BRDA:110,3,1,0
BRDA:120,4,0,0
BRDA:120,4,1,0
BRF:8
BRH:0
end_of_record
TN:
SF:models/stockLocationModel.js
FN:35,(anonymous_0)
FN:48,(anonymous_1)
FN:67,(anonymous_2)
FN:96,(anonymous_3)
FNF:4
FNH:0
FNDA:0,(anonymous_0)
FNDA:0,(anonymous_1)
FNDA:0,(anonymous_2)
FNDA:0,(anonymous_3)
DA:1,0
DA:3,0
DA:32,0
DA:35,0
DA:36,0
DA:37,0
DA:39,0
DA:43,0
DA:44,0
DA:45,0
DA:48,0
DA:49,0
DA:54,0
DA:55,0
DA:63,0
DA:67,0
DA:69,0
DA:75,0
DA:76,0
DA:83,0
DA:84,0
DA:92,0
DA:96,0
DA:97,0
DA:102,0
DA:103,0
DA:111,0
DA:114,0
LF:28
LH:0
BRDA:36,0,0,0
BRDA:36,0,1,0
BRDA:36,1,0,0
BRDA:36,1,1,0
BRDA:54,2,0,0
BRDA:54,2,1,0
BRDA:56,3,0,0
BRDA:56,3,1,0
BRDA:75,4,0,0
BRDA:75,4,1,0
BRDA:75,5,0,0
BRDA:75,5,1,0
BRDA:83,6,0,0
BRDA:83,6,1,0
BRDA:83,7,0,0
BRDA:83,7,1,0
BRDA:102,8,0,0
BRDA:102,8,1,0
BRF:18
BRH:0
end_of_record
TN:
SF:models/stockMovementModel.js
FN:129,(anonymous_0)
FN:154,(anonymous_1)
FN:210,(anonymous_2)
FNF:3
FNH:0
FNDA:0,(anonymous_0)
FNDA:0,(anonymous_1)
FNDA:0,(anonymous_2)
DA:1,0
DA:2,0
DA:4,0
DA:129,0
DA:131,0
DA:132,0
DA:136,0
DA:137,0
DA:140,0
DA:144,0
DA:145,0
DA:146,0
DA:147,0
DA:148,0
DA:149,0
DA:150,0
DA:151,0
DA:154,0
DA:155,0
DA:156,0
DA:159,0
DA:164,0
DA:165,0
DA:168,0
DA:169,0
DA:172,0
DA:173,0
DA:174,0
DA:175,0
DA:176,0
DA:178,0
DA:182,0
DA:203,0
DA:204,0
DA:206,0
DA:210,0
DA:211,0
DA:212,0
DA:213,0
DA:215,0
DA:225,0
LF:41
LH:0
BRDA:131,0,0,0
BRDA:131,0,1,0
BRDA:131,1,0,0
BRDA:131,1,1,0
BRDA:131,1,2,0
BRDA:131,1,3,0
BRDA:136,2,0,0
BRDA:136,2,1,0
BRDA:136,3,0,0
BRDA:136,3,1,0
BRDA:136,3,2,0
BRDA:164,4,0,0
BRDA:164,4,1,0
BRDA:172,5,0,0
BRDA:172,5,1,0
BRDA:172,6,0,0
BRDA:172,6,1,0
BRDA:172,6,2,0
BRDA:172,6,3,0
BRDA:172,6,4,0
BRDA:172,6,5,0
BRDA:174,7,0,0
BRDA:174,7,1,0
BRDA:175,8,0,0
BRDA:175,8,1,0
BRDA:183,9,0,0
BRDA:183,9,1,0
BRDA:185,10,0,0
BRDA:185,10,1,0
BRDA:186,11,0,0
BRDA:186,11,1,0
BRDA:192,12,0,0
BRDA:192,12,1,0
BRDA:193,13,0,0
BRDA:193,13,1,0
BRDA:194,14,0,0
BRDA:194,14,1,0
BRDA:195,15,0,0
BRDA:195,15,1,0
BRDA:196,16,0,0
BRDA:196,16,1,0
BRDA:199,17,0,0
BRDA:199,17,1,0
BRDA:210,18,0,0
BRDA:212,19,0,0
BRDA:212,19,1,0
BRF:46
BRH:0
end_of_record
TN:
SF:models/stockPolicyModel.js
FN:70,(anonymous_0)
FN:84,(anonymous_1)
FN:94,(anonymous_2)
FNF:3
FNH:0
FNDA:0,(anonymous_0)
FNDA:0,(anonymous_1)
FNDA:0,(anonymous_2)
DA:1,0
DA:2,0
DA:4,0
DA:67,0
DA:70,0
DA:71,0
DA:72,0
DA:74,0
DA:75,0
DA:77,0
DA:78,0
DA:80,0
DA:84,0
DA:85,0
DA:94,0
DA:95,0
DA:96,0
DA:97,0
DA:99,0
DA:106,0
LF:20
LH:0
BRDA:71,0,0,0
BRDA:71,0,1,0
BRDA:74,1,0,0
BRDA:74,1,1,0
BRDA:77,2,0,0
BRDA:77,2,1,0
BRDA:94,3,0,0
BRDA:96,4,0,0
BRDA:96,4,1,0
BRDA:97,5,0,0
BRDA:97,5,1,0
BRDA:103,6,0,0
BRDA:103,6,1,0
BRF:13
BRH:0
end_of_record
TN:
SF:models/storeModel.js
FNF:0
FNH:0
DA:1,1
DA:2,1
DA:4,1
DA:59,1
DA:61,1
LF:5
LH:5
BRF:0
BRH:0
end_of_record
TN:
SF:models/subscriptionModel.js
FN:6,(anonymous_0)
FN:140,(anonymous_1)
FN:145,(anonymous_2)
FN:151,(anonymous_3)
FN:156,(anonymous_4)
FN:166,(anonymous_5)
FN:194,(anonymous_6)
FN:218,(anonymous_7)
FN:229,(anonymous_8)
FN:244,(anonymous_9)
FN:265,(anonymous_10)
FN:294,(anonymous_11)
FNF:12
FNH:0
FNDA:0,(anonymous_0)
FNDA:0,(anonymous_1)
FNDA:0,(anonymous_2)
FNDA:0,(anonymous_3)
FNDA:0,(anonymous_4)
FNDA:0,(anonymous_5)
FNDA:0,(anonymous_6)
FNDA:0,(anonymous_7)
FNDA:0,(anonymous_8)
FNDA:0,(anonymous_9)
FNDA:0,(anonymous_10)
FNDA:0,(anonymous_11)
DA:1,0
DA:3,0
DA:6,0
DA:135,0
DA:136,0
DA:137,0
DA:140,0
DA:141,0
DA:145,0
DA:146,0
DA:151,0
DA:152,0
DA:156,0
DA:157,0
DA:158,0
DA:159,0
DA:160,0
DA:162,0
DA:166,0
DA:167,0
DA:168,0
DA:170,0
DA:171,0
DA:174,0
DA:176,0
DA:177,0
DA:178,0
DA:179,0
DA:187,0
DA:194,0
DA:195,0
DA:196,0
DA:197,0
DA:198,0
DA:199,0
DA:202,0
DA:205,0
DA:206,0
DA:207,0
DA:208,0
DA:209,0
DA:210,0
DA:213,0
DA:214,0
DA:218,0
DA:219,0
DA:220,0
DA:221,0
DA:222,0
DA:223,0
DA:224,0
DA:225,0
DA:229,0
DA:230,0
DA:231,0
DA:234,0
DA:235,0
DA:236,0
DA:237,0
DA:238,0
DA:239,0
DA:240,0
DA:244,0
DA:245,0
DA:246,0
DA:249,0
DA:250,0
DA:253,0
DA:254,0
DA:255,0
DA:257,0
DA:265,0
DA:266,0
DA:267,0
DA:268,0
DA:270,0
DA:271,0
DA:273,0
DA:274,0
DA:277,0
DA:290,0
DA:294,0
DA:295,0
DA:301,0
LF:84
LH:0
BRDA:141,0,0,0
BRDA:141,0,1,0
BRDA:141,0,2,0
BRDA:146,1,0,0
BRDA:146,1,1,0
BRDA:146,1,2,0
BRDA:146,1,3,0
BRDA:157,2,0,0
BRDA:157,2,1,0
BRDA:170,3,0,0
BRDA:170,3,1,0
BRDA:178,4,0,0
BRDA:178,4,1,0
BRDA:206,5,0,0
BRDA:206,5,1,0
BRDA:218,6,0,0
BRDA:218,7,0,0
BRDA:230,8,0,0
BRDA:230,8,1,0
BRDA:230,9,0,0
BRDA:230,9,1,0
BRDA:245,10,0,0
BRDA:245,10,1,0
BRDA:249,11,0,0
BRDA:249,11,1,0
BRDA:265,12,0,0
BRDA:273,13,0,0
BRDA:273,13,1,0
BRF:28
BRH:0
end_of_record
TN:
SF:models/supplierModel.js
FN:106,(anonymous_0)
FN:111,(anonymous_1)
FN:118,(anonymous_2)
FNF:3
FNH:0
FNDA:0,(anonymous_0)
FNDA:0,(anonymous_1)
FNDA:0,(anonymous_2)
DA:1,0
DA:2,0
DA:4,0
DA:101,0
DA:102,0
DA:103,0
DA:106,0
DA:107,0
DA:111,0
DA:112,0
DA:113,0
DA:118,0
DA:119,0
DA:120,0
DA:124,0
DA:127,0
LF:16
LH:0
BRDA:107,0,0,0
BRDA:107,0,1,0
BRDA:124,1,0,0
BRDA:124,1,1,0
BRF:4
BRH:0
end_of_record
TN:
SF:models/tableModel.js
FNF:0
FNH:0
DA:1,0
DA:3,0
DA:19,0
DA:21,0
DA:23,0
LF:5
LH:0
BRF:0
BRH:0
end_of_record
TN:
SF:models/userModel.js
FN:22,(anonymous_0)
FN:33,(anonymous_1)
FN:93,(anonymous_2)
FN:104,(anonymous_3)
FN:112,(anonymous_4)
FNF:5
FNH:3
FNDA:2,(anonymous_0)
FNDA:2,(anonymous_1)
FNDA:2,(anonymous_2)
FNDA:0,(anonymous_3)
FNDA:0,(anonymous_4)
DA:1,1
DA:2,1
DA:3,1
DA:5,1
DA:23,2
DA:34,2
DA:89,1
DA:90,1
DA:93,1
DA:94,2
DA:95,0
DA:98,2
DA:99,2
DA:100,2
DA:104,1
DA:105,0
DA:106,0
DA:108,0
DA:112,1
DA:113,0
DA:114,0
DA:116,0
DA:119,1
LF:23
LH:16
BRDA:94,0,0,0
BRDA:94,0,1,2
BRDA:105,1,0,0
BRDA:105,1,1,0
BRDA:113,2,0,0
BRDA:113,2,1,0
BRDA:116,3,0,0
BRDA:116,3,1,0
BRF:8
BRH:1
end_of_record
TN:
SF:routes/attributeRoute.js
FNF:0
FNH:0
DA:1,0
DA:13,0
DA:14,0
DA:15,0
DA:16,0
DA:17,0
DA:19,0
DA:22,0
DA:23,0
DA:24,0
DA:27,0
DA:28,0
DA:29,0
DA:30,0
DA:31,0
DA:32,0
DA:33,0
DA:34,0
DA:35,0
DA:36,0
DA:38,0
LF:21
LH:0
BRF:0
BRH:0
end_of_record
TN:
SF:routes/auditRoute.js
FN:19,(anonymous_0)
FN:37,(anonymous_1)
FNF:2
FNH:0
FNDA:0,(anonymous_0)
FNDA:0,(anonymous_1)
DA:1,0
DA:2,0
DA:3,0
DA:4,0
DA:6,0
DA:9,0
DA:16,0
DA:20,0
DA:21,0
DA:22,0
DA:24,0
DA:34,0
DA:38,0
DA:39,0
DA:40,0
DA:42,0
DA:47,0
LF:17
LH:0
BRF:0
BRH:0
end_of_record
TN:
SF:routes/categoryRoute.js
FNF:0
FNH:0
DA:1,0
DA:10,0
DA:11,0
DA:12,0
DA:13,0
DA:14,0
DA:16,0
DA:19,0
DA:20,0
DA:21,0
DA:24,0
DA:25,0
DA:26,0
DA:27,0
DA:28,0
DA:29,0
DA:30,0
DA:32,0
LF:18
LH:0
BRF:0
BRH:0
end_of_record
TN:
SF:routes/dashboardRoutes.js
FNF:0
FNH:0
DA:1,0
DA:2,0
DA:3,0
DA:12,0
DA:15,0
DA:18,0
DA:21,0
DA:22,0
DA:23,0
DA:24,0
DA:25,0
DA:26,0
DA:28,0
LF:13
LH:0
BRF:0
BRH:0
end_of_record
TN:
SF:routes/deviceRoute.js
FNF:0
FNH:0
DA:1,0
DA:12,0
DA:13,0
DA:14,0
DA:15,0
DA:16,0
DA:19,0
DA:20,0
DA:23,0
DA:26,0
DA:27,0
DA:28,0
DA:29,0
DA:32,0
DA:33,0
DA:34,0
DA:35,0
DA:36,0
DA:38,0
LF:19
LH:0
BRF:0
BRH:0
end_of_record
TN:
SF:routes/globalIngredientRoute.js
FNF:0
FNH:0
DA:1,0
DA:9,0
DA:10,0
DA:11,0
DA:12,0
DA:13,0
DA:16,0
DA:17,0
DA:20,0
DA:21,0
DA:22,0
DA:23,0
DA:24,0
DA:25,0
DA:27,0
LF:15
LH:0
BRF:0
BRH:0
end_of_record
TN:
SF:routes/kdsRoutes.js
FNF:0
FNH:0
DA:1,0
DA:2,0
DA:3,0
DA:17,0
DA:20,0
DA:23,0
DA:24,0
DA:27,0
DA:28,0
DA:29,0
DA:32,0
DA:33,0
DA:34,0
DA:35,0
DA:36,0
DA:37,0
DA:40,0
DA:42,0
LF:18
LH:0
BRF:0
BRH:0
end_of_record
TN:
SF:routes/observabilityRoute.js
FNF:0
FNH:0
DA:1,0
DA:15,0
DA:16,0
DA:17,0
DA:18,0
DA:19,0
DA:21,0
DA:24,0
DA:25,0
DA:26,0
DA:29,0
DA:32,0
DA:33,0
DA:36,0
DA:37,0
DA:40,0
DA:41,0
DA:42,0
DA:43,0
DA:44,0
DA:45,0
DA:48,0
DA:50,0
LF:23
LH:0
BRF:0
BRH:0
end_of_record
TN:
SF:routes/orderRoute.js
FNF:0
FNH:0
DA:1,0
DA:2,0
DA:3,0
DA:4,0
DA:5,0
DA:6,0
DA:7,0
DA:12,0
DA:16,0
DA:21,0
DA:24,0
DA:27,0
DA:29,0
LF:13
LH:0
BRF:0
BRH:0
end_of_record
TN:
SF:routes/paymentRoute.js
FNF:0
FNH:0
DA:1,0
DA:2,0
DA:3,0
DA:4,0
DA:6,0
DA:7,0
DA:8,0
DA:11,0
LF:8
LH:0
BRF:0
BRH:0
end_of_record
TN:
SF:routes/pdvRoutes.js
FNF:0
FNH:0
DA:1,0
DA:2,0
DA:3,0
DA:4,0
DA:5,0
DA:12,0
DA:19,0
DA:26,0
DA:33,0
DA:40,0
DA:47,0
DA:54,0
DA:61,0
DA:68,0
DA:75,0
DA:77,0
LF:16
LH:0
BRF:0
BRH:0
end_of_record
TN:
SF:routes/productRoute.js
FNF:0
FNH:0
DA:1,0
DA:12,0
DA:13,0
DA:14,0
DA:15,0
DA:16,0
DA:18,0
DA:21,0
DA:22,0
DA:23,0
DA:26,0
DA:27,0
DA:28,0
DA:29,0
DA:30,0
DA:31,0
DA:32,0
DA:33,0
DA:34,0
DA:36,0
LF:20
LH:0
BRF:0
BRH:0
end_of_record
TN:
SF:routes/productionRoute.js
FNF:0
FNH:0
DA:1,0
DA:2,0
DA:3,0
DA:4,0
DA:5,0
DA:7,0
DA:10,0
DA:17,0
DA:24,0
DA:31,0
DA:38,0
DA:44,0
LF:12
LH:0
BRF:0
BRH:0
end_of_record
TN:
SF:routes/purchaseOrderRoutes.js
FNF:0
FNH:0
DA:1,0
DA:2,0
DA:3,0
DA:16,0
DA:19,0
DA:22,0
DA:23,0
DA:24,0
DA:25,0
DA:26,0
DA:27,0
DA:28,0
DA:29,0
DA:30,0
DA:31,0
DA:32,0
DA:34,0
LF:17
LH:0
BRF:0
BRH:0
end_of_record
TN:
SF:routes/recipeRoute.js
FNF:0
FNH:0
DA:1,0
DA:19,0
DA:20,0
DA:21,0
DA:22,0
DA:23,0
DA:25,0
DA:28,0
DA:29,0
DA:30,0
DA:34,0
DA:35,0
DA:36,0
DA:39,0
DA:40,0
DA:41,0
DA:42,0
DA:43,0
DA:46,0
DA:47,0
DA:48,0
DA:49,0
DA:52,0
DA:53,0
DA:54,0
DA:55,0
DA:57,0
LF:27
LH:0
BRF:0
BRH:0
end_of_record
TN:
SF:routes/roleRoute.js
FNF:0
FNH:0
DA:1,0
DA:10,0
DA:11,0
DA:12,0
DA:13,0
DA:14,0
DA:17,0
DA:18,0
DA:21,0
DA:22,0
DA:23,0
DA:24,0
DA:25,0
DA:26,0
DA:27,0
DA:29,0
LF:16
LH:0
BRF:0
BRH:0
end_of_record
TN:
SF:routes/stockPolicyRoute.js
FNF:0
FNH:0
DA:1,0
DA:7,0
DA:8,0
DA:9,0
DA:10,0
DA:11,0
DA:13,0
DA:16,0
DA:17,0
DA:18,0
DA:21,0
DA:25,0
DA:29,0
LF:13
LH:0
BRF:0
BRH:0
end_of_record
TN:
SF:routes/stockRoute.js
FNF:0
FNH:0
DA:1,0
DA:15,0
DA:21,0
DA:26,0
DA:27,0
DA:28,0
DA:29,0
DA:30,0
DA:32,0
DA:35,0
DA:36,0
DA:37,0
DA:40,0
DA:41,0
DA:44,0
DA:45,0
DA:46,0
DA:47,0
DA:50,0
DA:51,0
DA:52,0
DA:53,0
DA:56,0
DA:57,0
DA:60,0
DA:61,0
DA:62,0
DA:63,0
DA:66,0
DA:67,0
DA:68,0
DA:70,0
LF:32
LH:0
BRF:0
BRH:0
end_of_record
TN:
SF:routes/storeRoute.js
FNF:0
FNH:0
DA:1,0
DA:9,0
DA:10,0
DA:11,0
DA:12,0
DA:15,0
DA:16,0
DA:19,0
DA:20,0
DA:21,0
DA:22,0
DA:23,0
DA:24,0
DA:26,0
LF:14
LH:0
BRF:0
BRH:0
end_of_record
TN:
SF:routes/subscriptionRoutes.js
FNF:0
FNH:0
DA:1,0
DA:2,0
DA:3,0
DA:16,0
DA:19,0
DA:22,0
DA:23,0
DA:26,0
DA:27,0
DA:28,0
DA:29,0
DA:30,0
DA:31,0
DA:32,0
DA:35,0
DA:36,0
DA:38,0
LF:17
LH:0
BRF:0
BRH:0
end_of_record
TN:
SF:routes/supplierRoutes.js
FNF:0
FNH:0
DA:1,0
DA:2,0
DA:3,0
DA:12,0
DA:15,0
DA:18,0
DA:19,0
DA:20,0
DA:21,0
DA:22,0
DA:23,0
DA:24,0
DA:26,0
LF:13
LH:0
BRF:0
BRH:0
end_of_record
TN:
SF:routes/tableRoute.js
FNF:0
FNH:0
DA:1,0
DA:2,0
DA:3,0
DA:4,0
DA:5,0
DA:6,0
DA:10,0
DA:14,0
DA:18,0
DA:21,0
DA:23,0
LF:11
LH:0
BRF:0
BRH:0
end_of_record
TN:
SF:routes/userRoute.js
FNF:0
FNH:0
DA:1,0
DA:2,0
DA:3,0
DA:4,0
DA:8,0
DA:9,0
DA:10,0
DA:12,0
DA:14,0
LF:9
LH:0
BRF:0
BRH:0
end_of_record
